TN:
SF:/home/achapman/augur/packages/augur-core/src/contracts/0x/asset-proxy/contracts/archive/MixinAssetProxyDispatcher.sol
FN:35,registerAssetProxy
FN:58,getAssetProxy
FN:71,_dispatchTransferFrom
FNF:3
FNH:0
FNDA:0,registerAssetProxy
FNDA:0,getAssetProxy
FNDA:0,_dispatchTransferFrom
DA:40,0
DA:41,0
DA:42,0
DA:48,0
DA:49,0
DA:63,0
DA:80,0
DA:82,0
DA:88,0
DA:89,0
DA:95,0
DA:98,0
DA:118,0
LF:13
LH:0
BRDA:42,1,0,0
BRDA:42,1,1,0
BRDA:80,2,0,0
BRDA:80,2,1,0
BRDA:82,3,0,0
BRDA:82,3,1,0
BRDA:98,4,0,0
BRDA:98,4,1,0
BRF:8
BRH:0
end_of_record
TN:
SF:/home/achapman/augur/packages/augur-core/src/contracts/0x/asset-proxy/contracts/archive/MixinAuthorizable.sol
FN:30,onlyAuthorized
FN:43,addAuthorizedAddress
FN:59,removeAuthorizedAddress
FN:82,removeAuthorizedAddressAtIndex
FN:110,getAuthorizedAddresses
FNF:5
FNH:0
FNDA:0,onlyAuthorized
FNDA:0,addAuthorizedAddress
FNDA:0,removeAuthorizedAddress
FNDA:0,removeAuthorizedAddressAtIndex
FNDA:0,getAuthorizedAddresses
DA:31,0
DA:35,0
DA:47,0
DA:52,0
DA:53,0
DA:54,0
DA:63,0
DA:68,0
DA:69,0
DA:70,0
DA:71,0
DA:72,0
DA:73,0
DA:76,0
DA:89,0
DA:93,0
DA:97,0
DA:102,0
DA:103,0
DA:104,0
DA:105,0
DA:115,0
LF:22
LH:0
BRDA:31,1,0,0
BRDA:31,1,1,0
BRDA:47,2,0,0
BRDA:47,2,1,0
BRDA:63,3,0,0
BRDA:63,3,1,0
BRDA:70,4,0,0
BRDA:70,4,1,0
BRDA:89,5,0,0
BRDA:89,5,1,0
BRDA:93,6,0,0
BRDA:93,6,1,0
BRDA:97,7,0,0
BRDA:97,7,1,0
BRF:14
BRH:0
end_of_record
TN:
SF:/home/achapman/augur/packages/augur-core/src/contracts/0x/asset-proxy/contracts/archive/Ownable.sol
FN:11,constructor
FN:17,onlyOwner
FN:25,transferOwnership
FNF:3
FNH:0
FNDA:0,constructor
FNDA:0,onlyOwner
FNDA:0,transferOwnership
DA:14,0
DA:18,0
DA:22,0
DA:29,0
DA:30,0
LF:5
LH:0
BRDA:18,1,0,0
BRDA:18,1,1,0
BRDA:29,2,0,0
BRDA:29,2,1,0
BRF:4
BRH:0
end_of_record
TN:
SF:/home/achapman/augur/packages/augur-core/src/contracts/0x/asset-proxy/contracts/src/bridges/ChaiBridge.sol
FN:39,bridgeTransferFrom
FNF:1
FNH:0
FNDA:0,bridgeTransferFrom
DA:50,0
DA:57,0
DA:63,0
DA:64,0
DA:71,0
DA:73,0
LF:6
LH:0
BRDA:50,1,0,0
BRDA:50,1,1,0
BRDA:64,2,0,0
BRDA:64,2,1,0
BRF:4
BRH:0
end_of_record
TN:
SF:/home/achapman/augur/packages/augur-core/src/contracts/0x/asset-proxy/contracts/src/bridges/DydxBridge.sol
FN:52,bridgeTransferFrom
FN:91,_createAccounts
FN:114,_createActions
FN:171,_createDepositAction
FN:209,_createWithdrawAction
FNF:5
FNH:0
FNDA:0,bridgeTransferFrom
FNDA:0,_createAccounts
FNDA:0,_createActions
FNDA:0,_createDepositAction
FNDA:0,_createWithdrawAction
DA:63,0
DA:69,0
DA:72,0
DA:75,0
DA:83,0
DA:84,0
DA:98,0
DA:99,0
DA:100,0
DA:101,0
DA:102,0
DA:123,0
DA:124,0
DA:125,0
DA:126,0
DA:128,0
DA:131,0
DA:132,0
DA:133,0
DA:139,0
DA:143,0
DA:145,0
DA:152,0
DA:161,0
DA:183,0
DA:191,0
DA:221,0
DA:229,0
LF:28
LH:0
BRDA:63,1,0,0
BRDA:63,1,1,0
BRDA:132,2,0,0
BRDA:132,2,1,0
BRDA:143,3,0,0
BRDA:143,3,1,0
BRDA:150,4,0,0
BRDA:150,4,1,0
BRF:8
BRH:0
end_of_record
TN:
SF:/home/achapman/augur/packages/augur-core/src/contracts/0x/asset-proxy/contracts/src/bridges/Eth2DaiBridge.sol
FN:45,bridgeTransferFrom
FN:77,isValidSignature
FNF:2
FNH:0
FNDA:0,bridgeTransferFrom
FNDA:0,isValidSignature
DA:56,0
DA:58,0
DA:60,0
DA:63,0
DA:70,0
DA:71,0
DA:85,0
LF:7
LH:0
BRF:0
BRH:0
end_of_record
TN:
SF:/home/achapman/augur/packages/augur-core/src/contracts/0x/asset-proxy/contracts/src/bridges/KyberBridge.sol
FN:59,
FN:73,bridgeTransferFrom
FN:152,isValidSignature
FNF:3
FNH:0
FNDA:0,
FNDA:0,bridgeTransferFrom
FNDA:0,isValidSignature
DA:83,0
DA:84,0
DA:85,0
DA:87,0
DA:89,0
DA:90,0
DA:92,0
DA:96,0
DA:97,0
DA:98,0
DA:101,0
DA:102,0
DA:105,0
DA:107,0
DA:108,0
DA:112,0
DA:115,0
DA:116,0
DA:117,0
DA:119,0
DA:123,0
DA:142,0
DA:143,0
DA:144,0
DA:146,0
DA:160,0
LF:26
LH:0
BRDA:90,1,0,0
BRDA:90,1,1,0
BRDA:105,2,0,0
BRDA:105,2,1,0
BRDA:109,3,0,0
BRDA:109,3,1,0
BRDA:142,4,0,0
BRDA:142,4,1,0
BRF:8
BRH:0
end_of_record
TN:
SF:/home/achapman/augur/packages/augur-core/src/contracts/0x/asset-proxy/contracts/src/bridges/UniswapBridge.sol
FN:49,
FN:62,bridgeTransferFrom
FN:153,isValidSignature
FN:168,_grantExchangeAllowance
FN:180,_getUniswapExchangeForTokenPair
FNF:5
FNH:0
FNDA:0,
FNDA:0,bridgeTransferFrom
FNDA:0,isValidSignature
FNDA:0,_grantExchangeAllowance
FNDA:0,_getUniswapExchangeForTokenPair
DA:73,0
DA:75,0
DA:78,0
DA:79,0
DA:80,0
DA:84,0
DA:89,0
DA:91,0
DA:94,0
DA:96,0
DA:99,0
DA:111,0
DA:113,0
DA:122,0
DA:124,0
DA:129,0
DA:132,0
DA:147,0
DA:161,0
DA:171,0
DA:188,0
DA:190,0
DA:191,0
DA:193,0
DA:197,0
DA:198,0
LF:26
LH:0
BRDA:78,1,0,0
BRDA:78,1,1,0
BRDA:94,2,0,0
BRDA:94,2,1,0
BRDA:109,3,0,0
BRDA:109,3,1,0
BRDA:190,4,0,0
BRDA:190,4,1,0
BRDA:197,5,0,0
BRDA:197,5,1,0
BRF:10
BRH:0
end_of_record
TN:
SF:/home/achapman/augur/packages/augur-core/src/contracts/0x/asset-proxy/contracts/src/ERC1155Proxy.sol
FN:44,transferFrom
FN:90,getProxyId
FNF:2
FNH:0
FNDA:0,transferFrom
FNDA:0,getProxyId
DA:55,0
DA:67,0
DA:68,0
DA:69,0
DA:74,0
DA:79,0
DA:95,0
LF:7
LH:0
BRF:0
BRH:0
end_of_record
TN:
SF:/home/achapman/augur/packages/augur-core/src/contracts/0x/asset-proxy/contracts/src/ERC20BridgeProxy.sol
FN:53,transferFrom
FN:94,getProxyId
FN:105,balanceOf
FN:119,balanceOf
FNF:4
FNH:0
FNDA:0,transferFrom
FNDA:0,getProxyId
FNDA:0,balanceOf
FNDA:0,balanceOf
DA:63,0
DA:73,0
DA:76,0
DA:84,0
DA:86,0
DA:99,0
DA:110,0
DA:114,0
DA:124,0
LF:9
LH:0
BRDA:84,1,0,0
BRDA:84,1,1,0
BRDA:86,2,0,0
BRDA:86,2,1,0
BRF:4
BRH:0
end_of_record
TN:
SF:/home/achapman/augur/packages/augur-core/src/contracts/0x/asset-proxy/contracts/src/ERC20Proxy.sol
FN:31,
FN:177,getProxyId
FNF:2
FNH:0
FNDA:0,
FNDA:0,getProxyId
DA:34,0
DA:182,0
LF:2
LH:0
BRF:0
BRH:0
end_of_record
TN:
SF:/home/achapman/augur/packages/augur-core/src/contracts/0x/asset-proxy/contracts/src/ERC721Proxy.sol
FN:31,
FN:164,getProxyId
FNF:2
FNH:0
FNDA:0,
FNDA:0,getProxyId
DA:34,0
DA:169,0
LF:2
LH:0
BRF:0
BRH:0
end_of_record
TN:
SF:/home/achapman/augur/packages/augur-core/src/contracts/0x/asset-proxy/contracts/src/interfaces/IAssetData.sol
FNF:0
FNH:0
LF:0
LH:0
BRF:0
BRH:0
end_of_record
TN:
SF:/home/achapman/augur/packages/augur-core/src/contracts/0x/asset-proxy/contracts/src/interfaces/IAssetProxy.sol
FNF:0
FNH:0
LF:0
LH:0
BRF:0
BRH:0
end_of_record
TN:
SF:/home/achapman/augur/packages/augur-core/src/contracts/0x/asset-proxy/contracts/src/interfaces/IAssetProxyDispatcher.sol
FNF:0
FNH:0
LF:0
LH:0
BRF:0
BRH:0
end_of_record
TN:
SF:/home/achapman/augur/packages/augur-core/src/contracts/0x/asset-proxy/contracts/src/interfaces/IAuthorizable.sol
FNF:0
FNH:0
LF:0
LH:0
BRF:0
BRH:0
end_of_record
TN:
SF:/home/achapman/augur/packages/augur-core/src/contracts/0x/asset-proxy/contracts/src/interfaces/IChai.sol
FNF:0
FNH:0
LF:0
LH:0
BRF:0
BRH:0
end_of_record
TN:
SF:/home/achapman/augur/packages/augur-core/src/contracts/0x/asset-proxy/contracts/src/interfaces/IDydx.sol
FNF:0
FNH:0
LF:0
LH:0
BRF:0
BRH:0
end_of_record
TN:
SF:/home/achapman/augur/packages/augur-core/src/contracts/0x/asset-proxy/contracts/src/interfaces/IDydxBridge.sol
FNF:0
FNH:0
LF:0
LH:0
BRF:0
BRH:0
end_of_record
TN:
SF:/home/achapman/augur/packages/augur-core/src/contracts/0x/asset-proxy/contracts/src/interfaces/IERC20Bridge.sol
FNF:0
FNH:0
LF:0
LH:0
BRF:0
BRH:0
end_of_record
TN:
SF:/home/achapman/augur/packages/augur-core/src/contracts/0x/asset-proxy/contracts/src/interfaces/IEth2Dai.sol
FNF:0
FNH:0
LF:0
LH:0
BRF:0
BRH:0
end_of_record
TN:
SF:/home/achapman/augur/packages/augur-core/src/contracts/0x/asset-proxy/contracts/src/interfaces/IKyberNetworkProxy.sol
FNF:0
FNH:0
LF:0
LH:0
BRF:0
BRH:0
end_of_record
TN:
SF:/home/achapman/augur/packages/augur-core/src/contracts/0x/asset-proxy/contracts/src/interfaces/IUniswapExchange.sol
FNF:0
FNH:0
LF:0
LH:0
BRF:0
BRH:0
end_of_record
TN:
SF:/home/achapman/augur/packages/augur-core/src/contracts/0x/asset-proxy/contracts/src/interfaces/IUniswapExchangeFactory.sol
FNF:0
FNH:0
LF:0
LH:0
BRF:0
BRH:0
end_of_record
TN:
SF:/home/achapman/augur/packages/augur-core/src/contracts/0x/asset-proxy/contracts/src/MultiAssetProxy.sol
FN:33,
FN:328,getProxyId
FNF:2
FNH:0
FNDA:0,
FNDA:0,getProxyId
DA:39,0
DA:333,0
LF:2
LH:0
BRF:0
BRH:0
end_of_record
TN:
SF:/home/achapman/augur/packages/augur-core/src/contracts/0x/asset-proxy/contracts/src/StaticCallProxy.sol
FN:37,transferFrom
FN:76,getProxyId
FNF:2
FNH:0
FNDA:0,transferFrom
FNDA:0,getProxyId
DA:47,0
DA:57,0
DA:60,0
DA:61,0
DA:67,0
DA:68,0
DA:81,0
LF:7
LH:0
BRDA:60,1,0,0
BRDA:60,1,1,0
BRDA:68,2,0,0
BRDA:68,2,1,0
BRF:4
BRH:0
end_of_record
TN:
SF:/home/achapman/augur/packages/augur-core/src/contracts/0x/coordinator/contracts/src/Coordinator.sol
FN:39,constructor
FNF:1
FNH:0
FNDA:0,constructor
LF:0
LH:0
BRF:0
BRH:0
end_of_record
TN:
SF:/home/achapman/augur/packages/augur-core/src/contracts/0x/coordinator/contracts/src/interfaces/ICoordinatorApprovalVerifier.sol
FNF:0
FNH:0
LF:0
LH:0
BRF:0
BRH:0
end_of_record
TN:
SF:/home/achapman/augur/packages/augur-core/src/contracts/0x/coordinator/contracts/src/interfaces/ICoordinatorCore.sol
FNF:0
FNH:0
LF:0
LH:0
BRF:0
BRH:0
end_of_record
TN:
SF:/home/achapman/augur/packages/augur-core/src/contracts/0x/coordinator/contracts/src/interfaces/ICoordinatorSignatureValidator.sol
FNF:0
FNH:0
LF:0
LH:0
BRF:0
BRH:0
end_of_record
TN:
SF:/home/achapman/augur/packages/augur-core/src/contracts/0x/coordinator/contracts/src/libs/LibConstants.sol
FN:31,constructor
FNF:1
FNH:0
FNDA:0,constructor
DA:34,0
LF:1
LH:0
BRF:0
BRH:0
end_of_record
TN:
SF:/home/achapman/augur/packages/augur-core/src/contracts/0x/coordinator/contracts/src/libs/LibCoordinatorApproval.sol
FN:51,getCoordinatorApprovalHash
FN:64,_hashCoordinatorApproval
FNF:2
FNH:0
FNDA:0,getCoordinatorApprovalHash
FNDA:0,_hashCoordinatorApproval
DA:56,0
DA:57,0
DA:69,0
DA:70,0
DA:71,0
DA:72,0
DA:82,0
DA:96,0
LF:8
LH:0
BRF:0
BRH:0
end_of_record
TN:
SF:/home/achapman/augur/packages/augur-core/src/contracts/0x/coordinator/contracts/src/libs/LibCoordinatorRichErrors.sol
FN:43,SignatureError
FN:60,InvalidOriginError
FN:73,InvalidApprovalSignatureError
FNF:3
FNH:0
FNDA:0,SignatureError
FNDA:0,InvalidOriginError
FNDA:0,InvalidApprovalSignatureError
DA:52,0
DA:67,0
DA:81,0
LF:3
LH:0
BRF:0
BRH:0
end_of_record
TN:
SF:/home/achapman/augur/packages/augur-core/src/contracts/0x/coordinator/contracts/src/libs/LibEIP712CoordinatorDomain.sol
FN:38,constructor
FN:59,_hashEIP712CoordinatorMessage
FNF:2
FNH:0
FNDA:0,constructor
FNDA:0,_hashEIP712CoordinatorMessage
DA:44,0
DA:47,0
DA:64,0
LF:3
LH:0
BRF:0
BRH:0
end_of_record
TN:
SF:/home/achapman/augur/packages/augur-core/src/contracts/0x/coordinator/contracts/src/MixinCoordinatorApprovalVerifier.sol
FN:51,assertValidCoordinatorApprovals
FN:79,decodeOrdersFromFillData
FN:137,_assertValidTransactionOrdersApproval
FNF:3
FNH:0
FNDA:0,assertValidCoordinatorApprovals
FNDA:0,decodeOrdersFromFillData
FNDA:0,_assertValidTransactionOrdersApproval
DA:61,0
DA:64,0
DA:66,0
DA:84,0
DA:85,0
DA:90,0
DA:94,0
DA:95,0
DA:118,0
DA:124,0
DA:125,0
DA:126,0
DA:128,0
DA:148,0
DA:149,0
DA:153,0
DA:156,0
DA:158,0
DA:159,0
DA:161,0
DA:168,0
DA:169,0
DA:172,0
DA:176,0
DA:178,0
DA:179,0
DA:181,0
DA:182,0
DA:186,0
DA:187,0
DA:188,0
DA:189,0
LF:32
LH:0
BRDA:64,1,0,0
BRDA:64,1,1,0
BRDA:85,2,0,0
BRDA:85,2,1,0
BRDA:96,3,0,0
BRDA:96,3,1,0
BRDA:113,4,0,0
BRDA:113,4,1,0
BRDA:148,5,0,0
BRDA:148,5,1,0
BRDA:181,6,0,0
BRDA:181,6,1,0
BRDA:188,7,0,0
BRDA:188,7,1,0
BRF:14
BRH:0
end_of_record
TN:
SF:/home/achapman/augur/packages/augur-core/src/contracts/0x/coordinator/contracts/src/MixinCoordinatorCore.sol
FN:39,
FN:51,executeTransaction
FNF:2
FNH:0
FNDA:0,
FNDA:0,executeTransaction
DA:62,0
DA:70,0
LF:2
LH:0
BRF:0
BRH:0
end_of_record
TN:
SF:/home/achapman/augur/packages/augur-core/src/contracts/0x/coordinator/contracts/src/MixinSignatureValidator.sol
FN:35,getSignerAddress
FNF:1
FNH:0
FNDA:0,getSignerAddress
DA:40,0
DA:41,0
DA:42,0
DA:46,0
DA:49,0
DA:50,0
DA:53,0
DA:60,0
DA:61,0
DA:67,0
DA:70,0
DA:71,0
DA:73,0
DA:74,0
DA:75,0
DA:76,0
DA:82,0
DA:86,0
DA:87,0
DA:89,0
DA:90,0
DA:91,0
DA:92,0
DA:101,0
DA:109,0
LF:25
LH:0
BRDA:41,1,0,0
BRDA:41,1,1,0
BRDA:49,2,0,0
BRDA:49,2,1,0
BRDA:60,3,0,0
BRDA:60,3,1,0
BRDA:66,4,0,0
BRDA:66,4,1,0
BRDA:69,5,0,0
BRDA:69,5,1,0
BRDA:70,6,0,0
BRDA:70,6,1,0
BRDA:85,7,0,0
BRDA:85,7,1,0
BRDA:86,8,0,0
BRDA:86,8,1,0
BRF:16
BRH:0
end_of_record
TN:
SF:/home/achapman/augur/packages/augur-core/src/contracts/0x/coordinator/contracts/src/registry/CoordinatorRegistry.sol
FN:28,constructor
FNF:1
FNH:0
FNDA:0,constructor
LF:0
LH:0
BRF:0
BRH:0
end_of_record
TN:
SF:/home/achapman/augur/packages/augur-core/src/contracts/0x/coordinator/contracts/src/registry/interfaces/ICoordinatorRegistryCore.sol
FNF:0
FNH:0
LF:0
LH:0
BRF:0
BRH:0
end_of_record
TN:
SF:/home/achapman/augur/packages/augur-core/src/contracts/0x/coordinator/contracts/src/registry/MixinCoordinatorRegistryCore.sol
FN:33,setCoordinatorEndpoint
FN:42,getCoordinatorEndpoint
FNF:2
FNH:0
FNDA:0,setCoordinatorEndpoint
FNDA:0,getCoordinatorEndpoint
DA:34,0
DA:35,0
DA:36,0
DA:47,0
LF:4
LH:0
BRF:0
BRH:0
end_of_record
TN:
SF:/home/achapman/augur/packages/augur-core/src/contracts/0x/dev-utils/contracts/src/DevUtils.sol
FN:38,constructor
FN:51,getOrderHash
FN:66,getTransactionHash
FNF:3
FNH:0
FNDA:0,constructor
FNDA:0,getOrderHash
FNDA:0,getTransactionHash
DA:60,0
DA:75,0
LF:2
LH:0
BRF:0
BRH:0
end_of_record
TN:
SF:/home/achapman/augur/packages/augur-core/src/contracts/0x/dev-utils/contracts/src/EthBalanceChecker.sol
FN:27,getEthBalances
FNF:1
FNH:0
FNDA:0,getEthBalances
DA:32,0
DA:33,0
DA:34,0
DA:36,0
LF:4
LH:0
BRF:0
BRH:0
end_of_record
TN:
SF:/home/achapman/augur/packages/augur-core/src/contracts/0x/dev-utils/contracts/src/LibAssetData.sol
FN:51,constructor
FN:72,getBalance
FN:176,getBatchBalances
FN:196,getAssetProxyAllowance
FN:289,getBatchAssetProxyAllowances
FN:306,getBalanceAndAssetProxyAllowance
FN:321,getBatchBalancesAndAssetProxyAllowances
FN:333,decodeAssetProxyId
FN:356,encodeERC20AssetData
FN:369,decodeERC20AssetData
FN:392,encodeERC721AssetData
FN:410,decodeERC721AssetData
FN:437,encodeERC1155AssetData
FN:466,decodeERC1155AssetData
FN:510,encodeMultiAssetData
FN:529,decodeMultiAssetData
FN:558,encodeStaticCallAssetData
FN:580,decodeStaticCallAssetData
FN:607,decodeERC20BridgeAssetData
FN:632,revertIfInvalidAssetData
FN:659,_erc20BalanceOf
FN:682,_convertChaiToDaiAmount
FNF:22
FNH:0
FNDA:0,constructor
FNDA:0,getBalance
FNDA:0,getBatchBalances
FNDA:0,getAssetProxyAllowance
FNDA:0,getBatchAssetProxyAllowances
FNDA:0,getBalanceAndAssetProxyAllowance
FNDA:0,getBatchBalancesAndAssetProxyAllowances
FNDA:0,decodeAssetProxyId
FNDA:0,encodeERC20AssetData
FNDA:0,decodeERC20AssetData
FNDA:0,encodeERC721AssetData
FNDA:0,decodeERC721AssetData
FNDA:0,encodeERC1155AssetData
FNDA:0,decodeERC1155AssetData
FNDA:0,encodeMultiAssetData
FNDA:0,decodeMultiAssetData
FNDA:0,encodeStaticCallAssetData
FNDA:0,decodeStaticCallAssetData
FNDA:0,decodeERC20BridgeAssetData
FNDA:0,revertIfInvalidAssetData
FNDA:0,_erc20BalanceOf
FNDA:0,_convertChaiToDaiAmount
DA:57,0
DA:58,0
DA:59,0
DA:60,0
DA:61,0
DA:62,0
DA:77,0
DA:79,0
DA:81,0
DA:82,0
DA:86,0
DA:88,0
DA:89,0
DA:91,0
DA:92,0
DA:96,0
DA:103,0
DA:104,0
DA:107,0
DA:108,0
DA:109,0
DA:111,0
DA:112,0
DA:118,0
DA:127,0
DA:130,0
DA:134,0
DA:135,0
DA:136,0
DA:138,0
DA:144,0
DA:146,0
DA:147,0
DA:149,0
DA:150,0
DA:154,0
DA:157,0
DA:158,0
DA:159,0
DA:161,0
DA:162,0
DA:168,0
DA:180,0
DA:181,0
DA:182,0
DA:183,0
DA:185,0
DA:201,0
DA:203,0
DA:205,0
DA:207,0
DA:208,0
DA:210,0
DA:211,0
DA:215,0
DA:218,0
DA:219,0
DA:220,0
DA:222,0
DA:223,0
DA:226,0
DA:229,0
DA:231,0
DA:234,0
DA:241,0
DA:242,0
DA:246,0
DA:249,0
DA:256,0
DA:257,0
DA:261,0
DA:265,0
DA:266,0
DA:267,0
DA:272,0
DA:273,0
DA:275,0
DA:281,0
DA:293,0
DA:294,0
DA:295,0
DA:296,0
DA:298,0
DA:310,0
DA:311,0
DA:312,0
DA:325,0
DA:326,0
DA:327,0
DA:340,0
DA:342,0
DA:350,0
DA:361,0
DA:362,0
DA:377,0
DA:379,0
DA:384,0
DA:385,0
DA:397,0
DA:402,0
DA:419,0
DA:421,0
DA:426,0
DA:427,0
DA:428,0
DA:447,0
DA:454,0
DA:477,0
DA:479,0
DA:484,0
DA:497,0
DA:515,0
DA:520,0
DA:538,0
DA:540,0
DA:546,0
DA:567,0
DA:573,0
DA:590,0
DA:592,0
DA:597,0
DA:617,0
DA:619,0
DA:624,0
DA:636,0
DA:638,0
DA:639,0
DA:641,0
DA:643,0
DA:645,0
DA:647,0
DA:649,0
DA:651,0
DA:668,0
DA:674,0
DA:675,0
DA:676,0
DA:686,0
DA:688,0
DA:691,0
DA:692,0
LF:141
LH:0
BRDA:79,1,0,0
BRDA:79,1,1,0
BRDA:84,2,0,0
BRDA:84,2,1,0
BRDA:91,3,0,0
BRDA:91,3,1,0
BRDA:108,4,0,0
BRDA:108,4,1,0
BRDA:111,5,0,0
BRDA:111,5,1,0
BRDA:116,6,0,0
BRDA:116,6,1,0
BRDA:132,7,0,0
BRDA:132,7,1,0
BRDA:135,8,0,0
BRDA:135,8,1,0
BRDA:142,9,0,0
BRDA:142,9,1,0
BRDA:149,10,0,0
BRDA:149,10,1,0
BRDA:158,11,0,0
BRDA:158,11,1,0
BRDA:161,12,0,0
BRDA:161,12,1,0
BRDA:203,13,0,0
BRDA:203,13,1,0
BRDA:210,14,0,0
BRDA:210,14,1,0
BRDA:219,15,0,0
BRDA:219,15,1,0
BRDA:222,16,0,0
BRDA:222,16,1,0
BRDA:229,17,0,0
BRDA:229,17,1,0
BRDA:244,18,0,0
BRDA:244,18,1,0
BRDA:259,19,0,0
BRDA:259,19,1,0
BRDA:263,20,0,0
BRDA:263,20,1,0
BRDA:266,21,0,0
BRDA:266,21,1,0
BRDA:342,22,0,0
BRDA:342,22,1,0
BRDA:379,23,0,0
BRDA:379,23,1,0
BRDA:421,24,0,0
BRDA:421,24,1,0
BRDA:479,25,0,0
BRDA:479,25,1,0
BRDA:540,26,0,0
BRDA:540,26,1,0
BRDA:592,27,0,0
BRDA:592,27,1,0
BRDA:619,28,0,0
BRDA:619,28,1,0
BRDA:638,29,0,0
BRDA:638,29,1,0
BRDA:640,30,0,0
BRDA:640,30,1,0
BRDA:642,31,0,0
BRDA:642,31,1,0
BRDA:644,32,0,0
BRDA:644,32,1,0
BRDA:646,33,0,0
BRDA:646,33,1,0
BRDA:648,34,0,0
BRDA:648,34,1,0
BRF:68
BRH:0
end_of_record
TN:
SF:/home/achapman/augur/packages/augur-core/src/contracts/0x/dev-utils/contracts/src/LibTransactionDecoder.sol
FN:37,decodeZeroExTransactionData
FN:135,_makeReturnValuesForSingleOrderFill
FN:154,_makeReturnValuesForBatchFill
FN:173,_makeReturnValuesForMarketFill
FNF:4
FNH:0
FNDA:0,decodeZeroExTransactionData
FNDA:0,_makeReturnValuesForSingleOrderFill
FNDA:0,_makeReturnValuesForBatchFill
FNDA:0,_makeReturnValuesForMarketFill
DA:47,0
DA:49,0
DA:50,0
DA:52,0
DA:54,0
DA:56,0
DA:58,0
DA:60,0
DA:62,0
DA:64,0
DA:66,0
DA:68,0
DA:70,0
DA:72,0
DA:77,0
DA:79,0
DA:82,0
DA:85,0
DA:86,0
DA:92,0
DA:94,0
DA:95,0
DA:96,0
DA:97,0
DA:102,0
DA:109,0
DA:111,0
DA:121,0
DA:122,0
DA:123,0
DA:125,0
DA:126,0
DA:127,0
DA:129,0
DA:130,0
DA:131,0
DA:144,0
DA:145,0
DA:146,0
DA:148,0
DA:182,0
LF:41
LH:0
BRDA:49,1,0,0
BRDA:49,1,1,0
BRDA:51,2,0,0
BRDA:51,2,1,0
BRDA:53,3,0,0
BRDA:53,3,1,0
BRDA:55,4,0,0
BRDA:55,4,1,0
BRDA:57,5,0,0
BRDA:57,5,1,0
BRDA:59,6,0,0
BRDA:59,6,1,0
BRDA:61,7,0,0
BRDA:61,7,1,0
BRDA:63,8,0,0
BRDA:63,8,1,0
BRDA:65,9,0,0
BRDA:65,9,1,0
BRDA:67,10,0,0
BRDA:67,10,1,0
BRDA:69,11,0,0
BRDA:69,11,1,0
BRDA:71,12,0,0
BRDA:71,12,1,0
BRDA:73,13,0,0
BRDA:73,13,1,0
BRDA:82,14,0,0
BRDA:82,14,1,0
BRDA:87,15,0,0
BRDA:87,15,1,0
BRDA:93,16,0,0
BRDA:93,16,1,0
BRDA:98,17,0,0
BRDA:98,17,1,0
BRDA:103,18,0,0
BRDA:103,18,1,0
BRDA:110,19,0,0
BRDA:110,19,1,0
BRF:38
BRH:0
end_of_record
TN:
SF:/home/achapman/augur/packages/augur-core/src/contracts/0x/dev-utils/contracts/src/OrderTransferSimulationUtils.sol
FN:55,constructor
FN:66,getSimulatedOrderMakerTransferResults
FN:111,getSimulatedOrderTransferResults
FN:169,getSimulatedOrdersTransferResults
FN:195,_simulateTransferFromCalls
FNF:5
FNH:0
FNDA:0,constructor
FNDA:0,getSimulatedOrderMakerTransferResults
FNDA:0,getSimulatedOrderTransferResults
FNDA:0,getSimulatedOrdersTransferResults
FNDA:0,_simulateTransferFromCalls
DA:58,0
DA:74,0
DA:81,0
DA:82,0
DA:83,0
DA:84,0
DA:87,0
DA:88,0
DA:89,0
DA:90,0
DA:93,0
DA:94,0
DA:95,0
DA:96,0
DA:98,0
DA:119,0
DA:127,0
DA:128,0
DA:129,0
DA:130,0
DA:133,0
DA:134,0
DA:135,0
DA:136,0
DA:139,0
DA:140,0
DA:141,0
DA:142,0
DA:145,0
DA:146,0
DA:147,0
DA:148,0
DA:151,0
DA:152,0
DA:153,0
DA:154,0
DA:156,0
DA:177,0
DA:178,0
DA:179,0
DA:180,0
DA:186,0
DA:205,0
DA:214,0
DA:216,0
DA:217,0
DA:219,0
DA:220,0
DA:223,0
DA:224,0
DA:226,0
DA:228,0
DA:231,0
DA:233,0
LF:54
LH:0
BRDA:217,1,0,0
BRDA:217,1,1,0
BRDA:221,2,0,0
BRDA:221,2,1,0
BRDA:224,3,0,0
BRDA:224,3,1,0
BRDA:229,4,0,0
BRDA:229,4,1,0
BRF:8
BRH:0
end_of_record
TN:
SF:/home/achapman/augur/packages/augur-core/src/contracts/0x/dev-utils/contracts/src/OrderValidationUtils.sol
FN:38,constructor
FN:59,getOrderRelevantState
FN:154,getOrderRelevantStates
FN:185,getTransferableAssetAmount
FN:199,_isAssetDataValid
FN:237,_isAssetDataDuplicated
FNF:6
FNH:0
FNDA:0,constructor
FNDA:0,getOrderRelevantState
FNDA:0,getOrderRelevantStates
FNDA:0,getTransferableAssetAmount
FNDA:0,_isAssetDataValid
FNDA:0,_isAssetDataDuplicated
DA:68,0
DA:71,0
DA:72,0
DA:78,0
DA:81,0
DA:82,0
DA:86,0
DA:87,0
DA:90,0
DA:97,0
DA:98,0
DA:108,0
DA:109,0
DA:114,0
DA:119,0
DA:124,0
DA:129,0
DA:130,0
DA:133,0
DA:134,0
DA:137,0
DA:138,0
DA:141,0
DA:162,0
DA:163,0
DA:164,0
DA:165,0
DA:167,0
DA:168,0
DA:174,0
DA:189,0
DA:190,0
DA:191,0
DA:206,0
DA:207,0
DA:211,0
DA:212,0
DA:213,0
DA:217,0
DA:219,0
DA:220,0
DA:222,0
DA:223,0
DA:224,0
DA:225,0
DA:230,0
DA:245,0
DA:246,0
DA:247,0
DA:248,0
LF:50
LH:0
BRDA:87,1,0,0
BRDA:87,1,1,0
BRDA:97,2,0,0
BRDA:97,2,1,0
BRDA:129,3,0,0
BRDA:129,3,1,0
BRDA:133,4,0,0
BRDA:133,4,1,0
BRDA:137,5,0,0
BRDA:137,5,1,0
BRDA:206,6,0,0
BRDA:206,6,1,0
BRDA:212,7,0,0
BRDA:212,7,1,0
BRDA:223,8,0,0
BRDA:223,8,1,0
BRDA:224,9,0,0
BRDA:224,9,1,0
BRDA:247,10,0,0
BRDA:247,10,1,0
BRF:20
BRH:0
end_of_record
TN:
SF:/home/achapman/augur/packages/augur-core/src/contracts/0x/erc1155/contracts/src/ERC1155.sol
FN:60,safeTransferFrom
FN:131,safeBatchTransferFrom
FN:200,setApprovalForAll
FN:209,isApprovedForAll
FN:217,balanceOf
FN:228,balanceOfBatch
FNF:6
FNH:0
FNDA:0,safeTransferFrom
FNDA:0,safeBatchTransferFrom
FNDA:0,setApprovalForAll
FNDA:0,isApprovedForAll
FNDA:0,balanceOf
FNDA:0,balanceOfBatch
DA:70,0
DA:74,0
DA:80,0
DA:81,0
DA:85,0
DA:89,0
DA:95,0
DA:96,0
DA:98,0
DA:101,0
DA:102,0
DA:109,0
DA:141,0
DA:145,0
DA:152,0
DA:158,0
DA:160,0
DA:161,0
DA:163,0
DA:164,0
DA:168,0
DA:172,0
DA:174,0
DA:175,0
DA:178,0
DA:181,0
DA:182,0
DA:189,0
DA:201,0
DA:202,0
DA:210,0
DA:218,0
DA:219,0
DA:221,0
DA:230,0
DA:236,0
DA:237,0
DA:238,0
DA:239,0
DA:240,0
DA:242,0
DA:246,0
LF:42
LH:0
BRDA:70,1,0,0
BRDA:70,1,1,0
BRDA:74,2,0,0
BRDA:74,2,1,0
BRDA:80,3,0,0
BRDA:80,3,1,0
BRDA:81,4,0,0
BRDA:81,4,1,0
BRDA:85,5,0,0
BRDA:85,5,1,0
BRDA:101,6,0,0
BRDA:101,6,1,0
BRDA:109,7,0,0
BRDA:109,7,1,0
BRDA:141,8,0,0
BRDA:141,8,1,0
BRDA:145,9,0,0
BRDA:145,9,1,0
BRDA:152,10,0,0
BRDA:152,10,1,0
BRDA:163,11,0,0
BRDA:163,11,1,0
BRDA:164,12,0,0
BRDA:164,12,1,0
BRDA:168,13,0,0
BRDA:168,13,1,0
BRDA:181,14,0,0
BRDA:181,14,1,0
BRDA:189,15,0,0
BRDA:189,15,1,0
BRDA:218,16,0,0
BRDA:218,16,1,0
BRDA:230,17,0,0
BRDA:230,17,1,0
BRDA:239,18,0,0
BRDA:239,18,1,0
BRF:36
BRH:0
end_of_record
TN:
SF:/home/achapman/augur/packages/augur-core/src/contracts/0x/erc1155/contracts/src/ERC1155Mintable.sol
FN:45,creatorOnly
FN:54,create
FN:89,createWithType
FN:116,mintFungible
FN:170,mintNonFungible
FNF:5
FNH:0
FNDA:0,creatorOnly
FNDA:0,create
FNDA:0,createWithType
FNDA:0,mintFungible
FNDA:0,mintNonFungible
DA:46,0
DA:47,0
DA:62,0
DA:65,0
DA:66,0
DA:70,0
DA:73,0
DA:81,0
DA:82,0
DA:96,0
DA:99,0
DA:107,0
DA:108,0
DA:125,0
DA:131,0
DA:133,0
DA:134,0
DA:137,0
DA:142,0
DA:151,0
DA:152,0
DA:159,0
DA:179,0
DA:185,0
DA:187,0
DA:189,0
DA:190,0
DA:192,0
DA:197,0
DA:200,0
DA:201,0
DA:208,0
DA:217,0
LF:33
LH:0
BRDA:46,1,0,0
BRDA:46,1,1,0
BRDA:65,2,0,0
BRDA:65,2,1,0
BRDA:81,3,0,0
BRDA:81,3,1,0
BRDA:107,4,0,0
BRDA:107,4,1,0
BRDA:125,5,0,0
BRDA:125,5,1,0
BRDA:151,6,0,0
BRDA:151,6,1,0
BRDA:159,7,0,0
BRDA:159,7,1,0
BRDA:179,8,0,0
BRDA:179,8,1,0
BRDA:200,9,0,0
BRDA:200,9,1,0
BRDA:208,10,0,0
BRDA:208,10,1,0
BRF:20
BRH:0
end_of_record
TN:
SF:/home/achapman/augur/packages/augur-core/src/contracts/0x/erc1155/contracts/src/interfaces/IERC1155.sol
FNF:0
FNH:0
LF:0
LH:0
BRF:0
BRH:0
end_of_record
TN:
SF:/home/achapman/augur/packages/augur-core/src/contracts/0x/erc1155/contracts/src/interfaces/IERC1155Mintable.sol
FNF:0
FNH:0
LF:0
LH:0
BRF:0
BRH:0
end_of_record
TN:
SF:/home/achapman/augur/packages/augur-core/src/contracts/0x/erc1155/contracts/src/interfaces/IERC1155Receiver.sol
FNF:0
FNH:0
LF:0
LH:0
BRF:0
BRH:0
end_of_record
TN:
SF:/home/achapman/augur/packages/augur-core/src/contracts/0x/erc1155/contracts/src/MixinNonFungibleToken.sol
FN:38,isNonFungible
FN:43,isFungible
FN:48,getNonFungibleIndex
FN:53,getNonFungibleBaseType
FN:58,isNonFungibleBaseType
FN:64,isNonFungibleItem
FN:70,ownerOf
FNF:7
FNH:0
FNDA:0,isNonFungible
FNDA:0,isFungible
FNDA:0,getNonFungibleIndex
FNDA:0,getNonFungibleBaseType
FNDA:0,isNonFungibleBaseType
FNDA:0,isNonFungibleItem
FNDA:0,ownerOf
DA:39,0
DA:44,0
DA:49,0
DA:54,0
DA:60,0
DA:66,0
DA:71,0
LF:7
LH:0
BRF:0
BRH:0
end_of_record
TN:
SF:/home/achapman/augur/packages/augur-core/src/contracts/0x/erc20/contracts/src/ERC20Token.sol
FN:36,transfer
FN:66,transferFrom
FN:104,approve
FN:119,totalSupply
FN:130,balanceOf
FN:141,allowance
FNF:6
FNH:0
FNDA:0,transfer
FNDA:0,transferFrom
FNDA:0,approve
FNDA:0,totalSupply
FNDA:0,balanceOf
FNDA:0,allowance
DA:40,0
DA:44,0
DA:49,0
DA:50,0
DA:52,0
DA:58,0
DA:74,0
DA:78,0
DA:82,0
DA:87,0
DA:88,0
DA:89,0
DA:91,0
DA:97,0
DA:108,0
DA:109,0
DA:114,0
DA:124,0
DA:135,0
DA:146,0
LF:20
LH:0
BRDA:40,1,0,0
BRDA:40,1,1,0
BRDA:44,2,0,0
BRDA:44,2,1,0
BRDA:74,3,0,0
BRDA:74,3,1,0
BRDA:78,4,0,0
BRDA:78,4,1,0
BRDA:82,5,0,0
BRDA:82,5,1,0
BRF:10
BRH:0
end_of_record
TN:
SF:/home/achapman/augur/packages/augur-core/src/contracts/0x/erc20/contracts/src/interfaces/IERC20Token.sol
FNF:0
FNH:0
LF:0
LH:0
BRF:0
BRH:0
end_of_record
TN:
SF:/home/achapman/augur/packages/augur-core/src/contracts/0x/erc20/contracts/src/interfaces/IEtherToken.sol
FNF:0
FNH:0
LF:0
LH:0
BRF:0
BRH:0
end_of_record
TN:
SF:/home/achapman/augur/packages/augur-core/src/contracts/0x/erc20/contracts/src/LibERC20Token.sol
FN:34,approve
FN:55,transfer
FN:77,transferFrom
FN:97,decimals
FN:114,_callWithOptionalBooleanResult
FNF:5
FNH:0
FNDA:0,approve
FNDA:0,transfer
FNDA:0,transferFrom
FNDA:0,decimals
FNDA:0,_callWithOptionalBooleanResult
DA:41,0
DA:46,0
DA:62,0
DA:67,0
DA:85,0
DA:91,0
DA:102,0
DA:103,0
DA:104,0
DA:105,0
DA:120,0
DA:121,0
DA:122,0
DA:123,0
DA:125,0
DA:126,0
DA:127,0
DA:128,0
DA:132,0
LF:19
LH:0
BRDA:104,1,0,0
BRDA:104,1,1,0
BRDA:121,2,0,0
BRDA:121,2,1,0
BRDA:122,3,0,0
BRDA:122,3,1,0
BRDA:125,4,0,0
BRDA:125,4,1,0
BRDA:127,5,0,0
BRDA:127,5,1,0
BRF:10
BRH:0
end_of_record
TN:
SF:/home/achapman/augur/packages/augur-core/src/contracts/0x/erc20/contracts/src/MintableERC20Token.sol
FN:33,_mint
FN:49,_burn
FNF:2
FNH:0
FNDA:0,_mint
FNDA:0,_burn
DA:36,0
DA:37,0
DA:39,0
DA:52,0
DA:53,0
DA:55,0
LF:6
LH:0
BRF:0
BRH:0
end_of_record
TN:
SF:/home/achapman/augur/packages/augur-core/src/contracts/0x/erc20/contracts/src/UnlimitedAllowanceERC20Token.sol
FN:34,transferFrom
FNF:1
FNH:0
FNDA:0,transferFrom
DA:42,0
DA:43,0
DA:47,0
DA:51,0
DA:56,0
DA:57,0
DA:58,0
DA:59,0
DA:62,0
DA:68,0
LF:10
LH:0
BRDA:43,1,0,0
BRDA:43,1,1,0
BRDA:47,2,0,0
BRDA:47,2,1,0
BRDA:51,3,0,0
BRDA:51,3,1,0
BRDA:58,4,0,0
BRDA:58,4,1,0
BRF:8
BRH:0
end_of_record
TN:
SF:/home/achapman/augur/packages/augur-core/src/contracts/0x/erc20/contracts/src/WETH9.sol
FN:33,
FN:36,deposit
FN:40,withdraw
FN:47,totalSupply
FN:51,approve
FN:57,transfer
FN:61,transferFrom
FNF:7
FNH:0
FNDA:0,
FNDA:0,deposit
FNDA:0,withdraw
FNDA:0,totalSupply
FNDA:0,approve
FNDA:0,transfer
FNDA:0,transferFrom
DA:34,0
DA:37,0
DA:38,0
DA:41,0
DA:42,0
DA:43,0
DA:44,0
DA:48,0
DA:52,0
DA:53,0
DA:54,0
DA:58,0
DA:65,0
DA:67,0
DA:68,0
DA:69,0
DA:72,0
DA:73,0
DA:75,0
DA:77,0
LF:20
LH:0
BRDA:41,1,0,0
BRDA:41,1,1,0
BRDA:65,2,0,0
BRDA:65,2,1,0
BRDA:67,3,0,0
BRDA:67,3,1,0
BRDA:68,4,0,0
BRDA:68,4,1,0
BRF:8
BRH:0
end_of_record
TN:
SF:/home/achapman/augur/packages/augur-core/src/contracts/0x/erc20/contracts/src/ZRXToken.sol
FN:29,balanceOf
FN:35,transfer
FN:42,transferFrom
FN:48,approve
FN:53,allowance
FN:62,transfer
FN:72,transferFrom
FN:82,balanceOf
FN:86,approve
FN:92,allowance
FN:111,transferFrom
FN:145,constructor
FNF:12
FNH:0
FNDA:0,balanceOf
FNDA:0,transfer
FNDA:0,transferFrom
FNDA:0,approve
FNDA:0,allowance
FNDA:0,transfer
FNDA:0,transferFrom
FNDA:0,balanceOf
FNDA:0,approve
FNDA:0,allowance
FNDA:0,transferFrom
FNDA:0,constructor
DA:64,0
DA:65,0
DA:66,0
DA:67,0
DA:68,0
DA:73,0
DA:74,0
DA:75,0
DA:76,0
DA:77,0
DA:78,0
DA:83,0
DA:87,0
DA:88,0
DA:89,0
DA:93,0
DA:115,0
DA:116,0
DA:120,0
DA:121,0
DA:122,0
DA:123,0
DA:125,0
DA:126,0
DA:128,0
DA:148,0
LF:26
LH:0
BRDA:64,1,0,0
BRDA:64,1,1,0
BRDA:73,2,0,0
BRDA:73,2,1,0
BRDA:116,3,0,0
BRDA:116,3,1,0
BRDA:122,4,0,0
BRDA:122,4,1,0
BRF:8
BRH:0
end_of_record
TN:
SF:/home/achapman/augur/packages/augur-core/src/contracts/0x/erc721/contracts/src/ERC721Token.sol
FN:59,safeTransferFrom
FN:97,safeTransferFrom
FN:134,approve
FN:157,setApprovalForAll
FN:173,balanceOf
FN:195,transferFrom
FN:242,ownerOf
FN:259,getApproved
FN:271,isApprovedForAll
FNF:9
FNH:0
FNDA:0,safeTransferFrom
FNDA:0,safeTransferFrom
FNDA:0,approve
FNDA:0,setApprovalForAll
FNDA:0,balanceOf
FNDA:0,transferFrom
FNDA:0,ownerOf
FNDA:0,getApproved
FNDA:0,isApprovedForAll
DA:67,0
DA:73,0
DA:74,0
DA:77,0
DA:78,0
DA:84,0
DA:104,0
DA:110,0
DA:111,0
DA:114,0
DA:115,0
DA:121,0
DA:137,0
DA:138,0
DA:143,0
DA:144,0
DA:160,0
DA:161,0
DA:178,0
DA:182,0
DA:202,0
DA:207,0
DA:208,0
DA:213,0
DA:214,0
DA:215,0
DA:222,0
DA:223,0
DA:226,0
DA:227,0
DA:228,0
DA:230,0
DA:247,0
DA:248,0
DA:252,0
DA:264,0
DA:276,0
LF:37
LH:0
BRDA:77,1,0,0
BRDA:77,1,1,0
BRDA:84,2,0,0
BRDA:84,2,1,0
BRDA:114,3,0,0
BRDA:114,3,1,0
BRDA:121,4,0,0
BRDA:121,4,1,0
BRDA:138,5,0,0
BRDA:138,5,1,0
BRDA:178,6,0,0
BRDA:178,6,1,0
BRDA:202,7,0,0
BRDA:202,7,1,0
BRDA:208,8,0,0
BRDA:208,8,1,0
BRDA:215,9,0,0
BRDA:215,9,1,0
BRDA:222,10,0,0
BRDA:222,10,1,0
BRDA:248,11,0,0
BRDA:248,11,1,0
BRF:22
BRH:0
end_of_record
TN:
SF:/home/achapman/augur/packages/augur-core/src/contracts/0x/erc721/contracts/src/interfaces/IERC721Receiver.sol
FNF:0
FNH:0
LF:0
LH:0
BRF:0
BRH:0
end_of_record
TN:
SF:/home/achapman/augur/packages/augur-core/src/contracts/0x/erc721/contracts/src/interfaces/IERC721Token.sol
FNF:0
FNH:0
LF:0
LH:0
BRF:0
BRH:0
end_of_record
TN:
SF:/home/achapman/augur/packages/augur-core/src/contracts/0x/erc721/contracts/src/MintableERC721Token.sol
FN:34,_mint
FN:62,_burn
FNF:2
FNH:0
FNDA:0,_mint
FNDA:0,_burn
DA:37,0
DA:42,0
DA:43,0
DA:48,0
DA:49,0
DA:51,0
DA:65,0
DA:70,0
DA:71,0
DA:76,0
DA:77,0
DA:79,0
LF:12
LH:0
BRDA:37,1,0,0
BRDA:37,1,1,0
BRDA:43,2,0,0
BRDA:43,2,1,0
BRDA:65,3,0,0
BRDA:65,3,1,0
BRDA:71,4,0,0
BRDA:71,4,1,0
BRF:8
BRH:0
end_of_record
TN:
SF:/home/achapman/augur/packages/augur-core/src/contracts/0x/exchange-forwarder/contracts/src/Forwarder.sol
FN:35,constructor
FNF:1
FNH:0
FNDA:0,constructor
LF:0
LH:0
BRF:0
BRH:0
end_of_record
TN:
SF:/home/achapman/augur/packages/augur-core/src/contracts/0x/exchange-forwarder/contracts/src/interfaces/IAssets.sol
FNF:0
FNH:0
LF:0
LH:0
BRF:0
BRH:0
end_of_record
TN:
SF:/home/achapman/augur/packages/augur-core/src/contracts/0x/exchange-forwarder/contracts/src/interfaces/IExchangeV2.sol
FNF:0
FNH:0
LF:0
LH:0
BRF:0
BRH:0
end_of_record
TN:
SF:/home/achapman/augur/packages/augur-core/src/contracts/0x/exchange-forwarder/contracts/src/interfaces/IForwarder.sol
FNF:0
FNH:0
LF:0
LH:0
BRF:0
BRH:0
end_of_record
TN:
SF:/home/achapman/augur/packages/augur-core/src/contracts/0x/exchange-forwarder/contracts/src/interfaces/IForwarderCore.sol
FNF:0
FNH:0
LF:0
LH:0
BRF:0
BRH:0
end_of_record
TN:
SF:/home/achapman/augur/packages/augur-core/src/contracts/0x/exchange-forwarder/contracts/src/libs/LibAssetDataTransfer.sol
FN:43,transferFrom
FN:92,transferIn
FN:108,transferOut
FN:126,transferERC20Token
FN:157,transferERC721Token
FN:185,transferERC1155Assets
FN:229,transferMultiAsset
FNF:7
FNH:0
FNDA:0,transferFrom
FNDA:0,transferIn
FNDA:0,transferOut
FNDA:0,transferERC20Token
FNDA:0,transferERC721Token
FNDA:0,transferERC1155Assets
FNDA:0,transferMultiAsset
DA:51,0
DA:52,0
DA:55,0
DA:57,0
DA:61,0
DA:67,0
DA:73,0
DA:79,0
DA:85,0
DA:98,0
DA:114,0
DA:134,0
DA:136,0
DA:137,0
DA:143,0
DA:165,0
DA:166,0
DA:169,0
DA:170,0
DA:173,0
DA:195,0
DA:207,0
DA:208,0
DA:209,0
DA:210,0
DA:215,0
DA:238,0
DA:244,0
DA:245,0
DA:246,0
LF:30
LH:0
BRDA:51,1,0,0
BRDA:51,1,1,0
BRDA:57,2,0,0
BRDA:57,2,1,0
BRDA:66,3,0,0
BRDA:66,3,1,0
BRDA:72,4,0,0
BRDA:72,4,1,0
BRDA:78,5,0,0
BRDA:78,5,1,0
BRDA:84,6,0,0
BRDA:84,6,1,0
BRDA:136,7,0,0
BRDA:136,7,1,0
BRDA:165,8,0,0
BRDA:165,8,1,0
BRF:16
BRH:0
end_of_record
TN:
SF:/home/achapman/augur/packages/augur-core/src/contracts/0x/exchange-forwarder/contracts/src/libs/LibConstants.sol
FN:55,constructor
FNF:1
FNH:0
FNDA:0,constructor
DA:62,0
DA:63,0
DA:64,0
LF:3
LH:0
BRF:0
BRH:0
end_of_record
TN:
SF:/home/achapman/augur/packages/augur-core/src/contracts/0x/exchange-forwarder/contracts/src/libs/LibForwarderRichErrors.sol
FN:61,UnregisteredAssetProxyError
FN:69,UnsupportedAssetProxyError
FN:82,CompleteBuyFailedError
FN:97,UnsupportedFeeError
FN:110,InsufficientEthForFeeError
FN:125,OverspentWethError
FN:140,DefaultFunctionWethContractOnlyError
FN:153,Erc721AmountMustEqualOneError
FN:166,EthFeeLengthMismatchError
FNF:9
FNH:0
FNDA:0,UnregisteredAssetProxyError
FNDA:0,UnsupportedAssetProxyError
FNDA:0,CompleteBuyFailedError
FNDA:0,UnsupportedFeeError
FNDA:0,InsufficientEthForFeeError
FNDA:0,OverspentWethError
FNDA:0,DefaultFunctionWethContractOnlyError
FNDA:0,Erc721AmountMustEqualOneError
FNDA:0,EthFeeLengthMismatchError
DA:66,0
DA:76,0
DA:90,0
DA:104,0
DA:118,0
DA:133,0
DA:147,0
DA:160,0
DA:174,0
LF:9
LH:0
BRF:0
BRH:0
end_of_record
TN:
SF:/home/achapman/augur/packages/augur-core/src/contracts/0x/exchange-forwarder/contracts/src/MixinAssets.sol
FN:44,withdrawAsset
FN:60,approveMakerAssetProxy
FNF:2
FNH:0
FNDA:0,withdrawAsset
FNDA:0,approveMakerAssetProxy
DA:51,0
DA:63,0
DA:64,0
DA:67,0
DA:68,0
DA:69,0
DA:70,0
DA:72,0
DA:73,0
LF:9
LH:0
BRDA:67,1,0,0
BRDA:67,1,1,0
BRDA:69,2,0,0
BRDA:69,2,1,0
BRF:4
BRH:0
end_of_record
TN:
SF:/home/achapman/augur/packages/augur-core/src/contracts/0x/exchange-forwarder/contracts/src/MixinExchangeWrapper.sol
FN:50,_fillOrderNoThrow
FN:80,_marketSellSingleOrder
FN:148,_marketSellNoThrow
FN:221,_marketBuySingleOrder
FN:298,_marketBuyFillOrKill
FN:373,_fillV2OrderNoThrow
FN:424,_fillV3OrderNoThrow
FN:457,_areUnderlyingAssetsEqual
FN:486,_isV2Order
FNF:9
FNH:0
FNDA:0,_fillOrderNoThrow
FNDA:0,_marketSellSingleOrder
FNDA:0,_marketSellNoThrow
FNDA:0,_marketBuySingleOrder
FNDA:0,_marketBuyFillOrKill
FNDA:0,_fillV2OrderNoThrow
FNDA:0,_fillV3OrderNoThrow
FNDA:0,_areUnderlyingAssetsEqual
FNDA:0,_isV2Order
DA:58,0
DA:59,0
DA:66,0
DA:92,0
DA:97,0
DA:103,0
DA:107,0
DA:115,0
DA:121,0
DA:128,0
DA:132,0
DA:136,0
DA:139,0
DA:159,0
DA:160,0
DA:162,0
DA:164,0
DA:165,0
DA:169,0
DA:174,0
DA:175,0
DA:176,0
DA:177,0
DA:178,0
DA:179,0
DA:182,0
DA:192,0
DA:193,0
DA:194,0
DA:200,0
DA:202,0
DA:204,0
DA:208,0
DA:209,0
DA:233,0
DA:238,0
DA:245,0
DA:252,0
DA:256,0
DA:261,0
DA:268,0
DA:274,0
DA:278,0
DA:283,0
DA:286,0
DA:309,0
DA:311,0
DA:312,0
DA:314,0
DA:315,0
DA:318,0
DA:322,0
DA:323,0
DA:324,0
DA:325,0
DA:326,0
DA:327,0
DA:330,0
DA:340,0
DA:341,0
DA:342,0
DA:348,0
DA:350,0
DA:352,0
DA:356,0
DA:357,0
DA:361,0
DA:362,0
DA:382,0
DA:399,0
DA:406,0
DA:407,0
DA:408,0
DA:409,0
DA:411,0
DA:415,0
DA:433,0
DA:440,0
DA:441,0
DA:442,0
DA:443,0
DA:444,0
DA:448,0
DA:465,0
DA:466,0
DA:467,0
DA:468,0
DA:470,0
DA:475,0
DA:476,0
DA:477,0
DA:479,0
DA:491,0
LF:93
LH:0
BRDA:58,1,0,0
BRDA:58,1,1,0
BRDA:92,2,0,0
BRDA:92,2,1,0
BRDA:111,3,0,0
BRDA:111,3,1,0
BRDA:164,4,0,0
BRDA:164,4,1,0
BRDA:177,5,0,0
BRDA:177,5,1,0
BRDA:192,6,0,0
BRDA:192,6,1,0
BRDA:208,7,0,0
BRDA:208,7,1,0
BRDA:233,8,0,0
BRDA:233,8,1,0
BRDA:259,9,0,0
BRDA:259,9,1,0
BRDA:314,10,0,0
BRDA:314,10,1,0
BRDA:325,11,0,0
BRDA:325,11,1,0
BRDA:340,12,0,0
BRDA:340,12,1,0
BRDA:356,13,0,0
BRDA:356,13,1,0
BRDA:361,14,0,0
BRDA:361,14,1,0
BRDA:408,15,0,0
BRDA:408,15,1,0
BRDA:409,16,0,0
BRDA:409,16,1,0
BRDA:442,17,0,0
BRDA:442,17,1,0
BRDA:443,18,0,0
BRDA:443,18,1,0
BRDA:470,19,0,0
BRDA:470,19,1,0
BRF:38
BRH:0
end_of_record
TN:
SF:/home/achapman/augur/packages/augur-core/src/contracts/0x/exchange-forwarder/contracts/src/MixinForwarderCore.sol
FN:47,constructor
FN:70,marketSellOrdersWithEth
FN:114,marketBuyOrdersWithEth
FNF:3
FNH:0
FNDA:0,constructor
FNDA:0,marketSellOrdersWithEth
FNDA:0,marketBuyOrdersWithEth
DA:50,0
DA:51,0
DA:52,0
DA:54,0
DA:56,0
DA:57,0
DA:58,0
DA:84,0
DA:90,0
DA:100,0
DA:129,0
DA:135,0
DA:145,0
LF:13
LH:0
BRDA:51,1,0,0
BRDA:51,1,1,0
BRDA:57,2,0,0
BRDA:57,2,1,0
BRF:4
BRH:0
end_of_record
TN:
SF:/home/achapman/augur/packages/augur-core/src/contracts/0x/exchange-forwarder/contracts/src/MixinReceiver.sol
FN:39,onERC1155Received
FN:64,onERC1155BatchReceived
FNF:2
FNH:0
FNDA:0,onERC1155Received
FNDA:0,onERC1155BatchReceived
DA:49,0
DA:74,0
LF:2
LH:0
BRF:0
BRH:0
end_of_record
TN:
SF:/home/achapman/augur/packages/augur-core/src/contracts/0x/exchange-forwarder/contracts/src/MixinWeth.sol
FN:33,
FN:46,_transferEthFeesAndWrapRemaining
FN:83,_transferEthRefund
FNF:3
FNH:0
FNDA:0,
FNDA:0,_transferEthFeesAndWrapRemaining
FNDA:0,_transferEthRefund
DA:37,0
DA:38,0
DA:53,0
DA:55,0
DA:56,0
DA:61,0
DA:63,0
DA:64,0
DA:66,0
DA:67,0
DA:70,0
DA:71,0
DA:75,0
DA:77,0
DA:90,0
DA:91,0
DA:95,0
DA:98,0
DA:100,0
DA:102,0
LF:20
LH:0
BRDA:37,1,0,0
BRDA:37,1,1,0
BRDA:55,2,0,0
BRDA:55,2,1,0
BRDA:66,3,0,0
BRDA:66,3,1,0
BRDA:90,4,0,0
BRDA:90,4,1,0
BRDA:98,5,0,0
BRDA:98,5,1,0
BRF:10
BRH:0
end_of_record
TN:
SF:/home/achapman/augur/packages/augur-core/src/contracts/0x/exchange-libs/contracts/src/IWallet.sol
FNF:0
FNH:0
LF:0
LH:0
BRF:0
BRH:0
end_of_record
TN:
SF:/home/achapman/augur/packages/augur-core/src/contracts/0x/exchange-libs/contracts/src/LibEIP712ExchangeDomain.sol
FN:40,constructor
FNF:1
FNH:0
FNDA:0,constructor
DA:46,0
DA:47,0
LF:2
LH:0
BRF:0
BRH:0
end_of_record
TN:
SF:/home/achapman/augur/packages/augur-core/src/contracts/0x/exchange-libs/contracts/src/LibExchangeRichErrors.sol
FN:150,SignatureErrorSelector
FN:158,SignatureValidatorNotApprovedErrorSelector
FN:166,EIP1271SignatureErrorSelector
FN:174,SignatureWalletErrorSelector
FN:182,OrderStatusErrorSelector
FN:190,ExchangeInvalidContextErrorSelector
FN:198,FillErrorSelector
FN:206,OrderEpochErrorSelector
FN:214,AssetProxyExistsErrorSelector
FN:222,AssetProxyDispatchErrorSelector
FN:230,AssetProxyTransferErrorSelector
FN:238,NegativeSpreadErrorSelector
FN:246,TransactionErrorSelector
FN:254,TransactionExecutionErrorSelector
FN:262,IncompleteFillErrorSelector
FN:270,BatchMatchOrdersErrorSelector
FN:278,TransactionGasPriceErrorSelector
FN:286,TransactionInvalidContextErrorSelector
FN:294,PayProtocolFeeErrorSelector
FN:302,BatchMatchOrdersError
FN:315,SignatureError
FN:334,SignatureValidatorNotApprovedError
FN:349,EIP1271SignatureError
FN:368,SignatureWalletError
FN:387,OrderStatusError
FN:402,ExchangeInvalidContextError
FN:419,FillError
FN:434,OrderEpochError
FN:451,AssetProxyExistsError
FN:466,AssetProxyDispatchError
FN:483,AssetProxyTransferError
FN:500,NegativeSpreadError
FN:515,TransactionError
FN:530,TransactionExecutionError
FN:545,TransactionGasPriceError
FN:562,TransactionInvalidContextError
FN:577,IncompleteFillError
FN:594,PayProtocolFeeError
FNF:38
FNH:0
FNDA:0,SignatureErrorSelector
FNDA:0,SignatureValidatorNotApprovedErrorSelector
FNDA:0,EIP1271SignatureErrorSelector
FNDA:0,SignatureWalletErrorSelector
FNDA:0,OrderStatusErrorSelector
FNDA:0,ExchangeInvalidContextErrorSelector
FNDA:0,FillErrorSelector
FNDA:0,OrderEpochErrorSelector
FNDA:0,AssetProxyExistsErrorSelector
FNDA:0,AssetProxyDispatchErrorSelector
FNDA:0,AssetProxyTransferErrorSelector
FNDA:0,NegativeSpreadErrorSelector
FNDA:0,TransactionErrorSelector
FNDA:0,TransactionExecutionErrorSelector
FNDA:0,IncompleteFillErrorSelector
FNDA:0,BatchMatchOrdersErrorSelector
FNDA:0,TransactionGasPriceErrorSelector
FNDA:0,TransactionInvalidContextErrorSelector
FNDA:0,PayProtocolFeeErrorSelector
FNDA:0,BatchMatchOrdersError
FNDA:0,SignatureError
FNDA:0,SignatureValidatorNotApprovedError
FNDA:0,EIP1271SignatureError
FNDA:0,SignatureWalletError
FNDA:0,OrderStatusError
FNDA:0,ExchangeInvalidContextError
FNDA:0,FillError
FNDA:0,OrderEpochError
FNDA:0,AssetProxyExistsError
FNDA:0,AssetProxyDispatchError
FNDA:0,AssetProxyTransferError
FNDA:0,NegativeSpreadError
FNDA:0,TransactionError
FNDA:0,TransactionExecutionError
FNDA:0,TransactionGasPriceError
FNDA:0,TransactionInvalidContextError
FNDA:0,IncompleteFillError
FNDA:0,PayProtocolFeeError
DA:155,0
DA:163,0
DA:171,0
DA:179,0
DA:187,0
DA:195,0
DA:203,0
DA:211,0
DA:219,0
DA:227,0
DA:235,0
DA:243,0
DA:251,0
DA:259,0
DA:267,0
DA:275,0
DA:283,0
DA:291,0
DA:299,0
DA:309,0
DA:325,0
DA:342,0
DA:359,0
DA:378,0
DA:395,0
DA:411,0
DA:427,0
DA:443,0
DA:459,0
DA:475,0
DA:492,0
DA:508,0
DA:523,0
DA:538,0
DA:554,0
DA:570,0
DA:586,0
DA:605,0
LF:38
LH:0
BRF:0
BRH:0
end_of_record
TN:
SF:/home/achapman/augur/packages/augur-core/src/contracts/0x/exchange-libs/contracts/src/LibFillResults.sol
FN:59,calculateFillResults
FN:107,calculateMatchedFillResults
FN:193,addFillResults
FN:219,_calculateMatchedFillResults
FN:290,_calculateMatchedFillResultsWithMaximalFill
FN:377,_calculateCompleteFillBoth
FN:403,_calculateCompleteRightFill
FNF:7
FNH:0
FNDA:0,calculateFillResults
FNDA:0,calculateMatchedFillResults
FNDA:0,addFillResults
FNDA:0,_calculateMatchedFillResults
FNDA:0,_calculateMatchedFillResultsWithMaximalFill
FNDA:0,_calculateCompleteFillBoth
FNDA:0,_calculateCompleteRightFill
DA:70,0
DA:71,0
DA:76,0
DA:81,0
DA:88,0
DA:90,0
DA:121,0
DA:122,0
DA:127,0
DA:128,0
DA:135,0
DA:136,0
DA:145,0
DA:156,0
DA:161,0
DA:168,0
DA:173,0
DA:181,0
DA:182,0
DA:183,0
DA:186,0
DA:201,0
DA:202,0
DA:203,0
DA:204,0
DA:205,0
DA:207,0
DA:242,0
DA:244,0
DA:251,0
DA:252,0
DA:253,0
DA:256,0
DA:265,0
DA:274,0
DA:278,0
DA:303,0
DA:304,0
DA:322,0
DA:324,0
DA:331,0
DA:332,0
DA:336,0
DA:341,0
DA:344,0
DA:353,0
DA:354,0
DA:360,0
DA:361,0
DA:366,0
DA:388,0
DA:389,0
DA:390,0
DA:391,0
DA:393,0
DA:412,0
DA:413,0
DA:414,0
DA:418,0
DA:424,0
LF:60
LH:0
BRDA:135,1,0,0
BRDA:135,1,1,0
BRDA:242,2,0,0
BRDA:242,2,1,0
BRDA:249,3,0,0
BRDA:249,3,1,0
BRDA:322,4,0,0
BRDA:322,4,1,0
BRDA:329,5,0,0
BRDA:329,5,1,0
BRDA:353,6,0,0
BRDA:353,6,1,0
BRDA:360,7,0,0
BRDA:360,7,1,0
BRF:14
BRH:0
end_of_record
TN:
SF:/home/achapman/augur/packages/augur-core/src/contracts/0x/exchange-libs/contracts/src/LibMath.sol
FN:36,safeGetPartialAmountFloor
FN:63,safeGetPartialAmountCeil
FN:95,getPartialAmountFloor
FN:113,getPartialAmountCeil
FN:137,isRoundingErrorFloor
FN:190,isRoundingErrorCeil
FNF:6
FNH:0
FNDA:0,safeGetPartialAmountFloor
FNDA:0,safeGetPartialAmountCeil
FNDA:0,getPartialAmountFloor
FNDA:0,getPartialAmountCeil
FNDA:0,isRoundingErrorFloor
FNDA:0,isRoundingErrorCeil
DA:45,0
DA:50,0
DA:53,0
DA:54,0
DA:72,0
DA:77,0
DA:83,0
DA:87,0
DA:104,0
DA:105,0
DA:125,0
DA:129,0
DA:146,0
DA:147,0
DA:163,0
DA:164,0
DA:176,0
DA:181,0
DA:182,0
DA:199,0
DA:200,0
DA:204,0
DA:208,0
DA:211,0
DA:216,0
DA:217,0
DA:218,0
LF:27
LH:0
BRDA:45,1,0,0
BRDA:45,1,1,0
BRDA:72,2,0,0
BRDA:72,2,1,0
BRDA:146,3,0,0
BRDA:146,3,1,0
BRDA:163,4,0,0
BRDA:163,4,1,0
BRDA:199,5,0,0
BRDA:199,5,1,0
BRDA:204,6,0,0
BRDA:204,6,1,0
BRF:12
BRH:0
end_of_record
TN:
SF:/home/achapman/augur/packages/augur-core/src/contracts/0x/exchange-libs/contracts/src/LibMathRichErrors.sol
FN:15,DivisionByZeroError
FN:23,RoundingError
FNF:2
FNH:0
FNDA:0,DivisionByZeroError
FNDA:0,RoundingError
DA:20,0
DA:32,0
LF:2
LH:0
BRF:0
BRH:0
end_of_record
TN:
SF:/home/achapman/augur/packages/augur-core/src/contracts/0x/exchange-libs/contracts/src/LibOrder.sol
FN:92,getTypedDataHash
FN:107,getStructHash
FNF:2
FNH:0
FNDA:0,getTypedDataHash
FNDA:0,getStructHash
DA:97,0
DA:101,0
DA:112,0
DA:113,0
DA:114,0
DA:115,0
DA:116,0
DA:137,0
DA:172,0
LF:9
LH:0
BRF:0
BRH:0
end_of_record
TN:
SF:/home/achapman/augur/packages/augur-core/src/contracts/0x/exchange-libs/contracts/src/LibZeroExTransaction.sol
FN:52,getTypedDataHash
FN:68,getStructHash
FNF:2
FNH:0
FNDA:0,getTypedDataHash
FNDA:0,getStructHash
DA:58,0
DA:62,0
DA:73,0
DA:74,0
DA:75,0
DA:76,0
DA:77,0
DA:78,0
DA:90,0
DA:107,0
LF:10
LH:0
BRF:0
BRH:0
end_of_record
TN:
SF:/home/achapman/augur/packages/augur-core/src/contracts/0x/exchange/contracts/src/Exchange.sol
FN:41,constructor
FN:47,isValidSignature
FNF:2
FNH:0
FNDA:0,constructor
FNDA:0,isValidSignature
DA:48,0
LF:1
LH:0
BRF:0
BRH:0
end_of_record
TN:
SF:/home/achapman/augur/packages/augur-core/src/contracts/0x/exchange/contracts/src/interfaces/IAssetProxy.sol
FNF:0
FNH:0
LF:0
LH:0
BRF:0
BRH:0
end_of_record
TN:
SF:/home/achapman/augur/packages/augur-core/src/contracts/0x/exchange/contracts/src/interfaces/IAssetProxyDispatcher.sol
FNF:0
FNH:0
LF:0
LH:0
BRF:0
BRH:0
end_of_record
TN:
SF:/home/achapman/augur/packages/augur-core/src/contracts/0x/exchange/contracts/src/interfaces/IEIP1271Data.sol
FNF:0
FNH:0
LF:0
LH:0
BRF:0
BRH:0
end_of_record
TN:
SF:/home/achapman/augur/packages/augur-core/src/contracts/0x/exchange/contracts/src/interfaces/IEIP1271Wallet.sol
FNF:0
FNH:0
LF:0
LH:0
BRF:0
BRH:0
end_of_record
TN:
SF:/home/achapman/augur/packages/augur-core/src/contracts/0x/exchange/contracts/src/interfaces/IExchange.sol
FNF:0
FNH:0
LF:0
LH:0
BRF:0
BRH:0
end_of_record
TN:
SF:/home/achapman/augur/packages/augur-core/src/contracts/0x/exchange/contracts/src/interfaces/IExchangeCore.sol
FNF:0
FNH:0
LF:0
LH:0
BRF:0
BRH:0
end_of_record
TN:
SF:/home/achapman/augur/packages/augur-core/src/contracts/0x/exchange/contracts/src/interfaces/IMatchOrders.sol
FNF:0
FNH:0
LF:0
LH:0
BRF:0
BRH:0
end_of_record
TN:
SF:/home/achapman/augur/packages/augur-core/src/contracts/0x/exchange/contracts/src/interfaces/IProtocolFees.sol
FNF:0
FNH:0
LF:0
LH:0
BRF:0
BRH:0
end_of_record
TN:
SF:/home/achapman/augur/packages/augur-core/src/contracts/0x/exchange/contracts/src/interfaces/ISignatureValidator.sol
FNF:0
FNH:0
LF:0
LH:0
BRF:0
BRH:0
end_of_record
TN:
SF:/home/achapman/augur/packages/augur-core/src/contracts/0x/exchange/contracts/src/interfaces/ITransactions.sol
FNF:0
FNH:0
LF:0
LH:0
BRF:0
BRH:0
end_of_record
TN:
SF:/home/achapman/augur/packages/augur-core/src/contracts/0x/exchange/contracts/src/interfaces/ITransferSimulator.sol
FNF:0
FNH:0
LF:0
LH:0
BRF:0
BRH:0
end_of_record
TN:
SF:/home/achapman/augur/packages/augur-core/src/contracts/0x/exchange/contracts/src/interfaces/IWallet.sol
FNF:0
FNH:0
LF:0
LH:0
BRF:0
BRH:0
end_of_record
TN:
SF:/home/achapman/augur/packages/augur-core/src/contracts/0x/exchange/contracts/src/interfaces/IWrapperFunctions.sol
FNF:0
FNH:0
LF:0
LH:0
BRF:0
BRH:0
end_of_record
TN:
SF:/home/achapman/augur/packages/augur-core/src/contracts/0x/exchange/contracts/src/libs/LibExchangeRichErrorDecoder.sol
FN:35,decodeSignatureError
FN:59,decodeEIP1271SignatureError
FN:80,decodeSignatureValidatorNotApprovedError
FN:101,decodeSignatureWalletError
FN:122,decodeOrderStatusError
FN:144,decodeExchangeInvalidContextError
FN:166,decodeFillError
FN:188,decodeOrderEpochError
FN:208,decodeAssetProxyExistsError
FN:226,decodeAssetProxyDispatchError
FN:249,decodeAssetProxyTransferError
FN:269,decodeNegativeSpreadError
FN:288,decodeTransactionError
FN:309,decodeTransactionExecutionError
FN:327,decodeIncompleteFillError
FN:346,_assertSelectorBytes
FNF:16
FNH:0
FNDA:0,decodeSignatureError
FNDA:0,decodeEIP1271SignatureError
FNDA:0,decodeSignatureValidatorNotApprovedError
FNDA:0,decodeSignatureWalletError
FNDA:0,decodeOrderStatusError
FNDA:0,decodeExchangeInvalidContextError
FNDA:0,decodeFillError
FNDA:0,decodeOrderEpochError
FNDA:0,decodeAssetProxyExistsError
FNDA:0,decodeAssetProxyDispatchError
FNDA:0,decodeAssetProxyTransferError
FNDA:0,decodeNegativeSpreadError
FNDA:0,decodeTransactionError
FNDA:0,decodeTransactionExecutionError
FNDA:0,decodeIncompleteFillError
FNDA:0,_assertSelectorBytes
DA:45,0
DA:46,0
DA:47,0
DA:51,0
DA:69,0
DA:70,0
DA:88,0
DA:89,0
DA:111,0
DA:112,0
DA:130,0
DA:131,0
DA:132,0
DA:136,0
DA:153,0
DA:154,0
DA:155,0
DA:159,0
DA:174,0
DA:175,0
DA:176,0
DA:180,0
DA:197,0
DA:198,0
DA:214,0
DA:215,0
DA:235,0
DA:236,0
DA:237,0
DA:241,0
DA:258,0
DA:259,0
DA:277,0
DA:278,0
DA:296,0
DA:297,0
DA:298,0
DA:302,0
DA:317,0
DA:318,0
DA:336,0
DA:337,0
DA:338,0
DA:342,0
DA:350,0
DA:351,0
LF:46
LH:0
BRDA:351,1,0,0
BRDA:351,1,1,0
BRF:2
BRH:0
end_of_record
TN:
SF:/home/achapman/augur/packages/augur-core/src/contracts/0x/exchange/contracts/src/MixinAssetProxyDispatcher.sol
FN:41,registerAssetProxy
FN:63,getAssetProxy
FN:77,_dispatchTransferFrom
FNF:3
FNH:0
FNDA:0,registerAssetProxy
FNDA:0,getAssetProxy
FNDA:0,_dispatchTransferFrom
DA:46,0
DA:47,0
DA:48,0
DA:49,0
DA:53,0
DA:54,0
DA:68,0
DA:87,0
DA:90,0
DA:91,0
DA:95,0
DA:96,0
DA:99,0
DA:100,0
DA:104,0
DA:113,0
DA:116,0
DA:117,0
LF:18
LH:0
BRDA:48,1,0,0
BRDA:48,1,1,0
BRDA:87,2,0,0
BRDA:87,2,1,0
BRDA:90,3,0,0
BRDA:90,3,1,0
BRDA:99,4,0,0
BRDA:99,4,1,0
BRDA:116,5,0,0
BRDA:116,5,1,0
BRF:10
BRH:0
end_of_record
TN:
SF:/home/achapman/augur/packages/augur-core/src/contracts/0x/exchange/contracts/src/MixinExchangeCore.sol
FN:67,cancelOrdersUpTo
FN:100,fillOrder
FN:120,cancelOrder
FN:132,getOrderInfo
FN:191,_fillOrder
FN:250,_cancelOrder
FN:272,_updateFilledState
FN:307,_updateCancelledState
FN:332,_assertFillableOrder
FN:374,_assertValidCancel
FN:400,_settleOrder
FN:461,_getOrderHashAndFilledAmount
FNF:12
FNH:0
FNDA:0,cancelOrdersUpTo
FNDA:0,fillOrder
FNDA:0,cancelOrder
FNDA:0,getOrderInfo
FNDA:0,_fillOrder
FNDA:0,_cancelOrder
FNDA:0,_updateFilledState
FNDA:0,_updateCancelledState
FNDA:0,_assertFillableOrder
FNDA:0,_assertValidCancel
FNDA:0,_settleOrder
FNDA:0,_getOrderHashAndFilledAmount
DA:72,0
DA:75,0
DA:78,0
DA:79,0
DA:82,0
DA:83,0
DA:87,0
DA:88,0
DA:110,0
DA:115,0
DA:125,0
DA:138,0
DA:144,0
DA:145,0
DA:146,0
DA:153,0
DA:154,0
DA:155,0
DA:159,0
DA:160,0
DA:161,0
DA:166,0
DA:167,0
DA:168,0
DA:172,0
DA:173,0
DA:174,0
DA:176,0
DA:177,0
DA:178,0
DA:182,0
DA:183,0
DA:200,0
DA:203,0
DA:206,0
DA:214,0
DA:215,0
DA:218,0
DA:225,0
DA:228,0
DA:237,0
DA:244,0
DA:254,0
DA:257,0
DA:260,0
DA:261,0
DA:265,0
DA:282,0
DA:284,0
DA:314,0
DA:317,0
DA:342,0
DA:343,0
DA:347,0
DA:348,0
DA:349,0
DA:354,0
DA:355,0
DA:356,0
DA:361,0
DA:367,0
DA:382,0
DA:383,0
DA:384,0
DA:389,0
DA:390,0
DA:391,0
DA:409,0
DA:418,0
DA:427,0
DA:436,0
DA:445,0
DA:453,0
DA:454,0
DA:466,0
DA:467,0
DA:468,0
LF:77
LH:0
BRDA:82,1,0,0
BRDA:82,1,1,0
BRDA:144,2,0,0
BRDA:144,2,1,0
BRDA:153,3,0,0
BRDA:153,3,1,0
BRDA:159,4,0,0
BRDA:159,4,1,0
BRDA:166,5,0,0
BRDA:166,5,1,0
BRDA:172,6,0,0
BRDA:172,6,1,0
BRDA:176,7,0,0
BRDA:176,7,1,0
BRDA:260,8,0,0
BRDA:260,8,1,0
BRDA:342,9,0,0
BRDA:342,9,1,0
BRDA:347,10,0,0
BRDA:347,10,1,0
BRDA:348,11,0,0
BRDA:348,11,1,0
BRDA:354,12,0,0
BRDA:354,12,1,0
BRDA:355,13,0,0
BRDA:355,13,1,0
BRDA:361,14,0,0
BRDA:361,14,1,0
BRDA:382,15,0,0
BRDA:382,15,1,0
BRDA:383,16,0,0
BRDA:383,16,1,0
BRDA:390,17,0,0
BRDA:390,17,1,0
BRDA:453,18,0,0
BRDA:453,18,1,0
BRF:36
BRH:0
end_of_record
TN:
SF:/home/achapman/augur/packages/augur-core/src/contracts/0x/exchange/contracts/src/MixinMatchOrders.sol
FN:45,batchMatchOrders
FN:74,batchMatchOrdersWithMaximalFill
FN:103,matchOrders
FN:132,matchOrdersWithMaximalFill
FN:157,_assertValidMatch
FN:191,_batchMatchOrders
FN:324,_matchOrders
FN:414,_settleMatchedOrders
FNF:8
FNH:0
FNDA:0,batchMatchOrders
FNDA:0,batchMatchOrdersWithMaximalFill
FNDA:0,matchOrders
FNDA:0,matchOrdersWithMaximalFill
FNDA:0,_assertValidMatch
FNDA:0,_batchMatchOrders
FNDA:0,_matchOrders
FNDA:0,_settleMatchedOrders
DA:56,0
DA:85,0
DA:114,0
DA:143,0
DA:174,0
DA:176,0
DA:202,0
DA:203,0
DA:205,0
DA:206,0
DA:210,0
DA:211,0
DA:213,0
DA:214,0
DA:217,0
DA:218,0
DA:221,0
DA:222,0
DA:225,0
DA:226,0
DA:227,0
DA:228,0
DA:229,0
DA:230,0
DA:234,0
DA:236,0
DA:245,0
DA:246,0
DA:249,0
DA:253,0
DA:260,0
DA:263,0
DA:269,0
DA:271,0
DA:273,0
DA:277,0
DA:279,0
DA:280,0
DA:282,0
DA:283,0
DA:289,0
DA:291,0
DA:293,0
DA:297,0
DA:299,0
DA:300,0
DA:302,0
DA:303,0
DA:309,0
DA:337,0
DA:338,0
DA:341,0
DA:342,0
DA:345,0
DA:348,0
DA:354,0
DA:360,0
DA:368,0
DA:379,0
DA:386,0
DA:395,0
DA:404,0
DA:424,0
DA:425,0
DA:426,0
DA:427,0
DA:430,0
DA:439,0
DA:448,0
DA:457,0
DA:466,0
DA:473,0
DA:482,0
DA:492,0
DA:493,0
DA:494,0
DA:498,0
DA:504,0
DA:513,0
DA:522,0
LF:80
LH:0
BRDA:174,1,0,0
BRDA:174,1,1,0
BRDA:202,2,0,0
BRDA:202,2,1,0
BRDA:205,3,0,0
BRDA:205,3,1,0
BRDA:210,4,0,0
BRDA:210,4,1,0
BRDA:213,5,0,0
BRDA:213,5,1,0
BRDA:269,6,0,0
BRDA:269,6,1,0
BRDA:277,7,0,0
BRDA:277,7,1,0
BRDA:289,8,0,0
BRDA:289,8,1,0
BRDA:297,9,0,0
BRDA:297,9,1,0
BRDA:492,10,0,0
BRDA:492,10,1,0
BRDA:498,11,0,0
BRDA:498,11,1,0
BRF:22
BRH:0
end_of_record
TN:
SF:/home/achapman/augur/packages/augur-core/src/contracts/0x/exchange/contracts/src/MixinProtocolFees.sol
FN:41,setProtocolFeeMultiplier
FN:51,setProtocolFeeCollectorAddress
FN:60,detachProtocolFeeCollector
FN:69,_setProtocolFeeCollectorAddress
FN:81,_paySingleProtocolFee
FN:113,_payTwoProtocolFees
FN:161,_payProtocolFeeToFeeCollector
FNF:7
FNH:0
FNDA:0,setProtocolFeeMultiplier
FNDA:0,setProtocolFeeCollectorAddress
FNDA:0,detachProtocolFeeCollector
FNDA:0,_setProtocolFeeCollectorAddress
FNDA:0,_paySingleProtocolFee
FNDA:0,_payTwoProtocolFees
FNDA:0,_payProtocolFeeToFeeCollector
DA:45,0
DA:46,0
DA:55,0
DA:64,0
DA:72,0
DA:73,0
DA:90,0
DA:91,0
DA:92,0
DA:100,0
DA:102,0
DA:124,0
DA:125,0
DA:127,0
DA:130,0
DA:140,0
DA:148,0
DA:150,0
DA:174,0
DA:175,0
DA:177,0
DA:184,0
DA:185,0
DA:186,0
DA:188,0
LF:25
LH:0
BRDA:91,1,0,0
BRDA:91,1,1,0
BRDA:125,2,0,0
BRDA:125,2,1,0
BRDA:174,3,0,0
BRDA:174,3,1,0
BRDA:185,4,0,0
BRDA:185,4,1,0
BRF:8
BRH:0
end_of_record
TN:
SF:/home/achapman/augur/packages/augur-core/src/contracts/0x/exchange/contracts/src/MixinSignatureValidator.sol
FN:65,preSign
FN:78,setSignatureValidatorApproval
FN:100,isValidHashSignature
FN:135,isValidOrderSignature
FN:156,isValidTransactionSignature
FN:179,_isValidOrderWithHashSignature
FN:227,_isValidTransactionWithHashSignature
FN:271,_validateHashSignatureTypes
FN:344,_readSignatureType
FN:360,_readValidSignatureType
FN:400,_encodeEIP1271OrderWithHash
FN:417,_encodeEIP1271TransactionWithHash
FN:438,_validateHashWithWallet
FN:475,_validateBytesWithWallet
FN:500,_validateBytesWithValidator
FN:537,_staticCallEIP1271WalletWithReducedSignatureLength
FNF:16
FNH:0
FNDA:0,preSign
FNDA:0,setSignatureValidatorApproval
FNDA:0,isValidHashSignature
FNDA:0,isValidOrderSignature
FNDA:0,isValidTransactionSignature
FNDA:0,_isValidOrderWithHashSignature
FNDA:0,_isValidTransactionWithHashSignature
FNDA:0,_validateHashSignatureTypes
FNDA:0,_readSignatureType
FNDA:0,_readValidSignatureType
FNDA:0,_encodeEIP1271OrderWithHash
FNDA:0,_encodeEIP1271TransactionWithHash
FNDA:0,_validateHashWithWallet
FNDA:0,_validateBytesWithWallet
FNDA:0,_validateBytesWithValidator
FNDA:0,_staticCallEIP1271WalletWithReducedSignatureLength
DA:70,0
DA:71,0
DA:86,0
DA:87,0
DA:88,0
DA:109,0
DA:116,0
DA:120,0
DA:122,0
DA:128,0
DA:143,0
DA:144,0
DA:149,0
DA:164,0
DA:165,0
DA:170,0
DA:188,0
DA:189,0
DA:194,0
DA:196,0
DA:204,0
DA:211,0
DA:218,0
DA:236,0
DA:237,0
DA:242,0
DA:244,0
DA:252,0
DA:259,0
DA:266,0
DA:285,0
DA:286,0
DA:287,0
DA:289,0
DA:293,0
DA:294,0
DA:296,0
DA:297,0
DA:298,0
DA:299,0
DA:305,0
DA:309,0
DA:310,0
DA:312,0
DA:313,0
DA:314,0
DA:315,0
DA:324,0
DA:328,0
DA:336,0
DA:338,0
DA:340,0
DA:353,0
DA:354,0
DA:356,0
DA:370,0
DA:377,0
DA:378,0
DA:382,0
DA:383,0
DA:391,0
DA:392,0
DA:395,0
DA:408,0
DA:425,0
DA:448,0
DA:450,0
DA:452,0
DA:458,0
DA:460,0
DA:462,0
DA:463,0
DA:466,0
DA:484,0
DA:490,0
DA:510,0
DA:511,0
DA:512,0
DA:516,0
DA:518,0
DA:519,0
DA:521,0
DA:527,0
DA:548,0
DA:550,0
DA:551,0
DA:557,0
DA:559,0
DA:561,0
DA:562,0
DA:565,0
LF:91
LH:0
BRDA:116,1,0,0
BRDA:116,1,1,0
BRDA:194,2,0,0
BRDA:194,2,1,0
BRDA:202,3,0,0
BRDA:202,3,1,0
BRDA:242,4,0,0
BRDA:242,4,1,0
BRDA:250,5,0,0
BRDA:250,5,1,0
BRDA:285,6,0,0
BRDA:285,6,1,0
BRDA:286,7,0,0
BRDA:286,7,1,0
BRDA:292,8,0,0
BRDA:292,8,1,0
BRDA:293,9,0,0
BRDA:293,9,1,0
BRDA:308,10,0,0
BRDA:308,10,1,0
BRDA:309,11,0,0
BRDA:309,11,1,0
BRDA:327,12,0,0
BRDA:327,12,1,0
BRDA:336,13,0,0
BRDA:336,13,1,0
BRDA:353,14,0,0
BRDA:353,14,1,0
BRDA:377,15,0,0
BRDA:377,15,1,0
BRDA:382,16,0,0
BRDA:382,16,1,0
BRDA:391,17,0,0
BRDA:391,17,1,0
BRDA:462,18,0,0
BRDA:462,18,1,0
BRDA:511,19,0,0
BRDA:511,19,1,0
BRDA:518,20,0,0
BRDA:518,20,1,0
BRDA:561,21,0,0
BRDA:561,21,1,0
BRF:42
BRH:0
end_of_record
TN:
SF:/home/achapman/augur/packages/augur-core/src/contracts/0x/exchange/contracts/src/MixinTransactions.sol
FN:53,executeTransaction
FN:69,batchExecuteTransactions
FN:90,_executeTransaction
FN:128,_assertExecutableTransaction
FN:175,_setCurrentContextAddressIfRequired
FN:191,_getCurrentContextAddress
FNF:6
FNH:0
FNDA:0,executeTransaction
FNDA:0,batchExecuteTransactions
FNDA:0,_executeTransaction
FNDA:0,_assertExecutableTransaction
FNDA:0,_setCurrentContextAddressIfRequired
FNDA:0,_getCurrentContextAddress
DA:62,0
DA:78,0
DA:79,0
DA:80,0
DA:81,0
DA:83,0
DA:97,0
DA:99,0
DA:106,0
DA:107,0
DA:110,0
DA:111,0
DA:112,0
DA:113,0
DA:117,0
DA:119,0
DA:121,0
DA:138,0
DA:139,0
DA:143,0
DA:144,0
DA:145,0
DA:149,0
DA:150,0
DA:151,0
DA:155,0
DA:156,0
DA:161,0
DA:162,0
DA:168,0
DA:181,0
DA:182,0
DA:196,0
DA:197,0
DA:198,0
LF:35
LH:0
BRDA:112,1,0,0
BRDA:112,1,1,0
BRDA:138,2,0,0
BRDA:138,2,1,0
BRDA:144,3,0,0
BRDA:144,3,1,0
BRDA:150,4,0,0
BRDA:150,4,1,0
BRDA:155,5,0,0
BRDA:155,5,1,0
BRDA:162,6,0,0
BRDA:162,6,1,0
BRDA:181,7,0,0
BRDA:181,7,1,0
BRF:14
BRH:0
end_of_record
TN:
SF:/home/achapman/augur/packages/augur-core/src/contracts/0x/exchange/contracts/src/MixinTransferSimulator.sol
FN:39,simulateDispatchTransferFromCalls
FNF:1
FNH:0
FNDA:0,simulateDispatchTransferFromCalls
DA:47,0
DA:48,0
DA:49,0
DA:58,0
LF:4
LH:0
BRF:0
BRH:0
end_of_record
TN:
SF:/home/achapman/augur/packages/augur-core/src/contracts/0x/exchange/contracts/src/MixinWrapperFunctions.sol
FN:44,fillOrKillOrder
FN:67,batchFillOrders
FN:94,batchFillOrKillOrders
FN:121,batchFillOrdersNoThrow
FN:150,marketSellOrdersNoThrow
FN:191,marketBuyOrdersNoThrow
FN:239,marketSellOrdersFillOrKill
FN:260,marketBuyOrdersFillOrKill
FN:277,batchCancelOrders
FN:292,_fillOrKillOrder
FN:317,_fillOrderNoThrow
FNF:11
FNH:0
FNDA:0,fillOrKillOrder
FNDA:0,batchFillOrders
FNDA:0,batchFillOrKillOrders
FNDA:0,batchFillOrdersNoThrow
FNDA:0,marketSellOrdersNoThrow
FNDA:0,marketBuyOrdersNoThrow
FNDA:0,marketSellOrdersFillOrKill
FNDA:0,marketBuyOrdersFillOrKill
FNDA:0,batchCancelOrders
FNDA:0,_fillOrKillOrder
FNDA:0,_fillOrderNoThrow
DA:54,0
DA:59,0
DA:77,0
DA:78,0
DA:79,0
DA:80,0
DA:86,0
DA:104,0
DA:105,0
DA:106,0
DA:107,0
DA:113,0
DA:131,0
DA:132,0
DA:133,0
DA:134,0
DA:140,0
DA:160,0
DA:161,0
DA:164,0
DA:167,0
DA:174,0
DA:177,0
DA:178,0
DA:181,0
DA:201,0
DA:202,0
DA:205,0
DA:209,0
DA:216,0
DA:223,0
DA:226,0
DA:227,0
DA:230,0
DA:248,0
DA:249,0
DA:250,0
DA:269,0
DA:270,0
DA:271,0
DA:282,0
DA:283,0
DA:284,0
DA:300,0
DA:305,0
DA:306,0
DA:308,0
DA:326,0
DA:333,0
DA:334,0
DA:335,0
DA:336,0
DA:339,0
LF:53
LH:0
BRDA:177,1,0,0
BRDA:177,1,1,0
BRDA:226,2,0,0
BRDA:226,2,1,0
BRDA:249,3,0,0
BRDA:249,3,1,0
BRDA:270,4,0,0
BRDA:270,4,1,0
BRDA:305,5,0,0
BRDA:305,5,1,0
BRDA:334,6,0,0
BRDA:334,6,1,0
BRDA:335,7,0,0
BRDA:335,7,1,0
BRF:14
BRH:0
end_of_record
TN:
SF:/home/achapman/augur/packages/augur-core/src/contracts/0x/extensions/contracts/src/BalanceThresholdFilter/BalanceThresholdFilter.sol
FN:35,constructor
FNF:1
FNH:0
FNDA:0,constructor
DA:42,0
DA:43,0
DA:44,0
LF:3
LH:0
BRF:0
BRH:0
end_of_record
TN:
SF:/home/achapman/augur/packages/augur-core/src/contracts/0x/extensions/contracts/src/BalanceThresholdFilter/interfaces/IBalanceThresholdFilterCore.sol
FNF:0
FNH:0
LF:0
LH:0
BRF:0
BRH:0
end_of_record
TN:
SF:/home/achapman/augur/packages/augur-core/src/contracts/0x/extensions/contracts/src/BalanceThresholdFilter/interfaces/IThresholdAsset.sol
FNF:0
FNH:0
LF:0
LH:0
BRF:0
BRH:0
end_of_record
TN:
SF:/home/achapman/augur/packages/augur-core/src/contracts/0x/extensions/contracts/src/BalanceThresholdFilter/MixinBalanceThresholdFilterCore.sol
FN:56,executeTransaction
FN:94,_getAddressesToValidate
FNF:2
FNH:0
FNDA:0,executeTransaction
FNDA:0,_getAddressesToValidate
DA:65,0
DA:68,0
DA:69,0
DA:70,0
DA:71,0
DA:72,0
DA:77,0
DA:79,0
DA:86,0
DA:99,0
DA:101,0
DA:110,0
DA:111,0
DA:117,0
DA:118,0
DA:119,0
DA:121,0
DA:122,0
DA:123,0
DA:124,0
DA:125,0
DA:131,0
DA:134,0
LF:23
LH:0
BRDA:72,1,0,0
BRDA:72,1,1,0
BRDA:101,2,0,0
BRDA:101,2,1,0
BRDA:112,3,0,0
BRDA:112,3,1,0
BRDA:120,4,0,0
BRDA:120,4,1,0
BRDA:126,5,0,0
BRDA:126,5,1,0
BRF:10
BRH:0
end_of_record
TN:
SF:/home/achapman/augur/packages/augur-core/src/contracts/0x/extensions/contracts/src/BalanceThresholdFilter/MixinExchangeCalldata.sol
FN:33,_exchangeCalldataload
FN:58,_loadExchangeData
FN:71,_loadMakerAddressFromOrder
FN:86,_loadMakerAddressesFromOrderArray
FNF:4
FNH:0
FNDA:0,_exchangeCalldataload
FNDA:0,_loadExchangeData
FNDA:0,_loadMakerAddressFromOrder
FNDA:0,_loadMakerAddressesFromOrderArray
DA:38,0
DA:51,0
DA:63,0
DA:64,0
DA:76,0
DA:77,0
DA:78,0
DA:79,0
DA:91,0
DA:92,0
DA:93,0
DA:94,0
DA:95,0
DA:96,0
DA:97,0
DA:98,0
DA:99,0
DA:100,0
DA:102,0
LF:19
LH:0
BRF:0
BRH:0
end_of_record
TN:
SF:/home/achapman/augur/packages/augur-core/src/contracts/0x/extensions/contracts/src/DutchAuction/DutchAuction.sol
FN:46,constructor
FN:72,matchOrders
FN:142,getAuctionDetails
FNF:3
FNH:0
FNDA:0,constructor
FNDA:0,matchOrders
FNDA:0,getAuctionDetails
DA:49,0
DA:81,0
DA:83,0
DA:88,0
DA:93,0
DA:98,0
DA:109,0
DA:110,0
DA:119,0
DA:120,0
DA:123,0
DA:124,0
DA:127,0
DA:128,0
DA:132,0
DA:133,0
DA:136,0
DA:146,0
DA:157,0
DA:161,0
DA:162,0
DA:164,0
DA:168,0
DA:170,0
DA:171,0
DA:175,0
DA:177,0
DA:178,0
DA:179,0
DA:180,0
DA:181,0
DA:182,0
DA:184,0
DA:185,0
DA:187,0
DA:191,0
DA:193,0
DA:197,0
LF:38
LH:0
BRDA:83,1,0,0
BRDA:83,1,1,0
BRDA:88,2,0,0
BRDA:88,2,1,0
BRDA:93,3,0,0
BRDA:93,3,1,0
BRDA:110,4,0,0
BRDA:110,4,1,0
BRDA:127,5,0,0
BRDA:127,5,1,0
BRDA:132,6,0,0
BRDA:132,6,1,0
BRDA:157,7,0,0
BRDA:157,7,1,0
BRDA:164,8,0,0
BRDA:164,8,1,0
BRDA:171,9,0,0
BRDA:171,9,1,0
BRDA:185,10,0,0
BRDA:185,10,1,0
BRDA:188,11,0,0
BRDA:188,11,1,0
BRF:22
BRH:0
end_of_record
TN:
SF:/home/achapman/augur/packages/augur-core/src/contracts/0x/extensions/contracts/src/OrderMatcher/interfaces/IAssets.sol
FNF:0
FNH:0
LF:0
LH:0
BRF:0
BRH:0
end_of_record
TN:
SF:/home/achapman/augur/packages/augur-core/src/contracts/0x/extensions/contracts/src/OrderMatcher/interfaces/IMatchOrders.sol
FNF:0
FNH:0
LF:0
LH:0
BRF:0
BRH:0
end_of_record
TN:
SF:/home/achapman/augur/packages/augur-core/src/contracts/0x/extensions/contracts/src/OrderMatcher/interfaces/IOrderMatcher.sol
FNF:0
FNH:0
LF:0
LH:0
BRF:0
BRH:0
end_of_record
TN:
SF:/home/achapman/augur/packages/augur-core/src/contracts/0x/extensions/contracts/src/OrderMatcher/libs/LibConstants.sol
FN:39,constructor
FNF:1
FNH:0
FNDA:0,constructor
DA:42,0
DA:44,0
DA:45,0
DA:50,0
DA:51,0
LF:5
LH:0
BRDA:45,1,0,0
BRDA:45,1,1,0
BRDA:51,2,0,0
BRDA:51,2,1,0
BRF:4
BRH:0
end_of_record
TN:
SF:/home/achapman/augur/packages/augur-core/src/contracts/0x/extensions/contracts/src/OrderMatcher/MixinAssets.sol
FN:41,withdrawAsset
FN:54,approveAssetProxy
FN:75,_transferAssetToSender
FN:95,_transferERC20Token
FN:142,_transferERC721Token
FN:169,_approveERC20Token
FN:185,_approveERC721Token
FNF:7
FNH:0
FNDA:0,withdrawAsset
FNDA:0,approveAssetProxy
FNDA:0,_transferAssetToSender
FNDA:0,_transferERC20Token
FNDA:0,_transferERC721Token
FNDA:0,_approveERC20Token
FNDA:0,_approveERC721Token
DA:48,0
DA:61,0
DA:63,0
DA:64,0
DA:66,0
DA:68,0
DA:81,0
DA:83,0
DA:84,0
DA:86,0
DA:88,0
DA:102,0
DA:107,0
DA:112,0
DA:123,0
DA:133,0
DA:148,0
DA:154,0
DA:156,0
DA:159,0
DA:175,0
DA:176,0
DA:191,0
DA:192,0
DA:193,0
LF:25
LH:0
BRDA:63,1,0,0
BRDA:63,1,1,0
BRDA:65,2,0,0
BRDA:65,2,1,0
BRDA:83,3,0,0
BRDA:83,3,1,0
BRDA:85,4,0,0
BRDA:85,4,1,0
BRDA:112,5,0,0
BRDA:112,5,1,0
BRDA:133,6,0,0
BRDA:133,6,1,0
BRDA:148,7,0,0
BRDA:148,7,1,0
BRDA:176,8,0,0
BRDA:176,8,1,0
BRF:16
BRH:0
end_of_record
TN:
SF:/home/achapman/augur/packages/augur-core/src/contracts/0x/extensions/contracts/src/OrderMatcher/MixinMatchOrders.sol
FN:41,matchOrders
FNF:1
FNH:0
FNDA:0,matchOrders
DA:51,0
DA:58,0
DA:59,0
DA:62,0
DA:63,0
DA:67,0
DA:68,0
DA:72,0
DA:75,0
DA:76,0
DA:80,0
LF:11
LH:0
BRDA:62,1,0,0
BRDA:62,1,1,0
BRDA:75,2,0,0
BRDA:75,2,1,0
BRF:4
BRH:0
end_of_record
TN:
SF:/home/achapman/augur/packages/augur-core/src/contracts/0x/extensions/contracts/src/OrderMatcher/OrderMatcher.sol
FN:33,constructor
FNF:1
FNH:0
FNDA:0,constructor
LF:0
LH:0
BRF:0
BRH:0
end_of_record
TN:
SF:/home/achapman/augur/packages/augur-core/src/contracts/0x/multisig/contracts/src/MultiSigWallet.sol
FN:47,onlyWallet
FN:55,ownerDoesNotExist
FN:63,ownerExists
FN:71,transactionExists
FN:79,confirmed
FN:87,notConfirmed
FN:95,notExecuted
FN:103,notNull
FN:111,validRequirement
FN:123,
FN:138,constructor
FN:158,addOwner
FN:172,removeOwner
FN:194,replaceOwner
FN:214,changeRequirement
FN:228,submitTransaction
FN:238,confirmTransaction
FN:251,revokeConfirmation
FN:263,executeTransaction
FN:290,_externalCall
FN:321,isConfirmed
FN:345,_addTransaction
FN:371,getConfirmationCount
FN:387,getTransactionCount
FN:401,getOwners
FN:412,getConfirmations
FN:438,getTransactionIds
FNF:27
FNH:0
FNDA:0,onlyWallet
FNDA:0,ownerDoesNotExist
FNDA:0,ownerExists
FNDA:0,transactionExists
FNDA:0,confirmed
FNDA:0,notConfirmed
FNDA:0,notExecuted
FNDA:0,notNull
FNDA:0,validRequirement
FNDA:0,
FNDA:0,constructor
FNDA:0,addOwner
FNDA:0,removeOwner
FNDA:0,replaceOwner
FNDA:0,changeRequirement
FNDA:0,submitTransaction
FNDA:0,confirmTransaction
FNDA:0,revokeConfirmation
FNDA:0,executeTransaction
FNDA:0,_externalCall
FNDA:0,isConfirmed
FNDA:0,_addTransaction
FNDA:0,getConfirmationCount
FNDA:0,getTransactionCount
FNDA:0,getOwners
FNDA:0,getConfirmations
FNDA:0,getTransactionIds
DA:48,0
DA:52,0
DA:56,0
DA:60,0
DA:64,0
DA:68,0
DA:72,0
DA:76,0
DA:80,0
DA:84,0
DA:88,0
DA:92,0
DA:96,0
DA:100,0
DA:104,0
DA:108,0
DA:112,0
DA:119,0
DA:127,0
DA:128,0
DA:145,0
DA:146,0
DA:150,0
DA:152,0
DA:153,0
DA:165,0
DA:166,0
DA:167,0
DA:177,0
DA:178,0
DA:179,0
DA:180,0
DA:181,0
DA:184,0
DA:185,0
DA:186,0
DA:188,0
DA:200,0
DA:201,0
DA:202,0
DA:203,0
DA:206,0
DA:207,0
DA:208,0
DA:209,0
DA:219,0
DA:220,0
DA:232,0
DA:233,0
DA:244,0
DA:245,0
DA:246,0
DA:257,0
DA:258,0
DA:269,0
DA:270,0
DA:271,0
DA:272,0
DA:280,0
DA:282,0
DA:283,0
DA:299,0
DA:300,0
DA:315,0
DA:326,0
DA:327,0
DA:328,0
DA:329,0
DA:331,0
DA:332,0
DA:354,0
DA:355,0
DA:361,0
DA:362,0
DA:376,0
DA:377,0
DA:378,0
DA:392,0
DA:393,0
DA:394,0
DA:406,0
DA:417,0
DA:418,0
DA:419,0
DA:420,0
DA:421,0
DA:422,0
DA:423,0
DA:426,0
DA:427,0
DA:428,0
DA:448,0
DA:449,0
DA:450,0
DA:451,0
DA:452,0
DA:453,0
DA:454,0
DA:457,0
DA:458,0
DA:459,0
LF:101
LH:0
BRDA:48,1,0,0
BRDA:48,1,1,0
BRDA:56,2,0,0
BRDA:56,2,1,0
BRDA:64,3,0,0
BRDA:64,3,1,0
BRDA:72,4,0,0
BRDA:72,4,1,0
BRDA:80,5,0,0
BRDA:80,5,1,0
BRDA:88,6,0,0
BRDA:88,6,1,0
BRDA:96,7,0,0
BRDA:96,7,1,0
BRDA:104,8,0,0
BRDA:104,8,1,0
BRDA:112,9,0,0
BRDA:112,9,1,0
BRDA:127,10,0,0
BRDA:127,10,1,0
BRDA:146,11,0,0
BRDA:146,11,1,0
BRDA:179,12,0,0
BRDA:179,12,1,0
BRDA:185,13,0,0
BRDA:185,13,1,0
BRDA:201,14,0,0
BRDA:201,14,1,0
BRDA:269,15,0,0
BRDA:269,15,1,0
BRDA:272,16,0,0
BRDA:272,16,1,0
BRDA:328,17,0,0
BRDA:328,17,1,0
BRDA:331,18,0,0
BRDA:331,18,1,0
BRDA:377,19,0,0
BRDA:377,19,1,0
BRDA:393,20,0,0
BRDA:393,20,1,0
BRDA:421,21,0,0
BRDA:421,21,1,0
BRDA:452,22,0,0
BRDA:452,22,1,0
BRF:44
BRH:0
end_of_record
TN:
SF:/home/achapman/augur/packages/augur-core/src/contracts/0x/multisig/contracts/src/MultiSigWalletWithTimeLock.sol
FN:40,fullyConfirmed
FN:48,pastTimeLock
FN:60,constructor
FN:73,changeTimeLock
FN:83,confirmTransaction
FN:101,executeTransaction
FN:118,_setConfirmationTime
FNF:7
FNH:0
FNDA:0,fullyConfirmed
FNDA:0,pastTimeLock
FNDA:0,constructor
FNDA:0,changeTimeLock
FNDA:0,confirmTransaction
FNDA:0,executeTransaction
FNDA:0,_setConfirmationTime
DA:41,0
DA:45,0
DA:49,0
DA:53,0
DA:68,0
DA:77,0
DA:78,0
DA:89,0
DA:91,0
DA:92,0
DA:94,0
DA:95,0
DA:107,0
DA:108,0
DA:109,0
DA:110,0
DA:112,0
DA:113,0
DA:121,0
DA:122,0
LF:20
LH:0
BRDA:41,1,0,0
BRDA:41,1,1,0
BRDA:49,2,0,0
BRDA:49,2,1,0
BRDA:94,3,0,0
BRDA:94,3,1,0
BRDA:109,4,0,0
BRDA:109,4,1,0
BRF:8
BRH:0
end_of_record
TN:
SF:/home/achapman/augur/packages/augur-core/src/contracts/0x/multisig/contracts/src/ZeroExGovernor.sol
FN:56,constructor
FN:93,registerFunctionCall
FN:115,executeTransaction
FN:169,_registerFunctionCall
FN:196,_assertValidFunctionCall
FNF:5
FNH:0
FNDA:0,constructor
FNDA:0,registerFunctionCall
FNDA:0,executeTransaction
FNDA:0,_registerFunctionCall
FNDA:0,_assertValidFunctionCall
DA:71,0
DA:72,0
DA:78,0
DA:79,0
DA:102,0
DA:120,0
DA:121,0
DA:127,0
DA:138,0
DA:139,0
DA:144,0
DA:145,0
DA:147,0
DA:154,0
DA:156,0
DA:161,0
DA:178,0
DA:179,0
DA:183,0
DA:184,0
DA:204,0
DA:205,0
DA:207,0
DA:208,0
DA:213,0
LF:25
LH:0
BRDA:72,1,0,0
BRDA:72,1,1,0
BRDA:139,2,0,0
BRDA:139,2,1,0
BRDA:156,3,0,0
BRDA:156,3,1,0
BRDA:207,4,0,0
BRDA:207,4,1,0
BRDA:208,5,0,0
BRDA:208,5,1,0
BRDA:213,6,0,0
BRDA:213,6,1,0
BRF:12
BRH:0
end_of_record
TN:
SF:/home/achapman/augur/packages/augur-core/src/contracts/0x/staking/contracts/src/fees/MixinExchangeFees.sol
FN:45,payProtocolFee
FN:117,getStakingPoolStatsThisEpoch
FN:131,_computeMembersAndWeightedStake
FN:159,_assertValidProtocolFee
FNF:4
FNH:0
FNDA:0,payProtocolFee
FNDA:0,getStakingPoolStatsThisEpoch
FNDA:0,_computeMembersAndWeightedStake
FNDA:0,_assertValidProtocolFee
DA:54,0
DA:58,0
DA:59,0
DA:70,0
DA:74,0
DA:75,0
DA:78,0
DA:80,0
DA:81,0
DA:85,0
DA:86,0
DA:87,0
DA:90,0
DA:91,0
DA:93,0
DA:94,0
DA:95,0
DA:98,0
DA:101,0
DA:104,0
DA:108,0
DA:111,0
DA:122,0
DA:139,0
DA:144,0
DA:145,0
DA:152,0
DA:165,0
DA:166,0
LF:29
LH:0
BRDA:58,1,0,0
BRDA:58,1,1,0
BRDA:59,2,0,0
BRDA:59,2,1,0
BRDA:74,3,0,0
BRDA:74,3,1,0
BRDA:80,4,0,0
BRDA:80,4,1,0
BRDA:91,5,0,0
BRDA:91,5,1,0
BRDA:165,6,0,0
BRDA:165,6,1,0
BRF:12
BRH:0
end_of_record
TN:
SF:/home/achapman/augur/packages/augur-core/src/contracts/0x/staking/contracts/src/fees/MixinExchangeManager.sol
FN:32,onlyExchange
FN:41,addExchangeAddress
FN:54,removeExchangeAddress
FNF:3
FNH:0
FNDA:0,onlyExchange
FNDA:0,addExchangeAddress
FNDA:0,removeExchangeAddress
DA:33,0
DA:34,0
DA:36,0
DA:45,0
DA:46,0
DA:48,0
DA:49,0
DA:58,0
DA:59,0
DA:61,0
DA:62,0
LF:11
LH:0
BRDA:33,1,0,0
BRDA:33,1,1,0
BRDA:45,2,0,0
BRDA:45,2,1,0
BRDA:58,3,0,0
BRDA:58,3,1,0
BRF:6
BRH:0
end_of_record
TN:
SF:/home/achapman/augur/packages/augur-core/src/contracts/0x/staking/contracts/src/immutable/MixinConstants.sol
FNF:0
FNH:0
LF:0
LH:0
BRF:0
BRH:0
end_of_record
TN:
SF:/home/achapman/augur/packages/augur-core/src/contracts/0x/staking/contracts/src/immutable/MixinDeploymentConstants.sol
FN:56,getWethContract
FN:68,getZrxVault
FNF:2
FNH:0
FNDA:0,getWethContract
FNDA:0,getZrxVault
DA:61,0
DA:62,0
DA:73,0
DA:74,0
LF:4
LH:0
BRF:0
BRH:0
end_of_record
TN:
SF:/home/achapman/augur/packages/augur-core/src/contracts/0x/staking/contracts/src/immutable/MixinStorage.sol
FNF:0
FNH:0
LF:0
LH:0
BRF:0
BRH:0
end_of_record
TN:
SF:/home/achapman/augur/packages/augur-core/src/contracts/0x/staking/contracts/src/interfaces/IStaking.sol
FNF:0
FNH:0
LF:0
LH:0
BRF:0
BRH:0
end_of_record
TN:
SF:/home/achapman/augur/packages/augur-core/src/contracts/0x/staking/contracts/src/interfaces/IStakingEvents.sol
FNF:0
FNH:0
LF:0
LH:0
BRF:0
BRH:0
end_of_record
TN:
SF:/home/achapman/augur/packages/augur-core/src/contracts/0x/staking/contracts/src/interfaces/IStakingProxy.sol
FNF:0
FNH:0
LF:0
LH:0
BRF:0
BRH:0
end_of_record
TN:
SF:/home/achapman/augur/packages/augur-core/src/contracts/0x/staking/contracts/src/interfaces/IStorage.sol
FNF:0
FNH:0
LF:0
LH:0
BRF:0
BRH:0
end_of_record
TN:
SF:/home/achapman/augur/packages/augur-core/src/contracts/0x/staking/contracts/src/interfaces/IStorageInit.sol
FNF:0
FNH:0
LF:0
LH:0
BRF:0
BRH:0
end_of_record
TN:
SF:/home/achapman/augur/packages/augur-core/src/contracts/0x/staking/contracts/src/interfaces/IStructs.sol
FNF:0
FNH:0
LF:0
LH:0
BRF:0
BRH:0
end_of_record
TN:
SF:/home/achapman/augur/packages/augur-core/src/contracts/0x/staking/contracts/src/interfaces/IZrxVault.sol
FNF:0
FNH:0
LF:0
LH:0
BRF:0
BRH:0
end_of_record
TN:
SF:/home/achapman/augur/packages/augur-core/src/contracts/0x/staking/contracts/src/libs/LibCobbDouglas.sol
FN:43,cobbDouglas
FNF:1
FNH:0
FNDA:0,cobbDouglas
DA:56,0
DA:57,0
DA:58,0
DA:59,0
DA:75,0
DA:78,0
DA:90,0
DA:94,0
LF:8
LH:0
BRDA:58,1,0,0
BRDA:58,1,1,0
BRF:2
BRH:0
end_of_record
TN:
SF:/home/achapman/augur/packages/augur-core/src/contracts/0x/staking/contracts/src/libs/LibFixedMath.sol
FN:44,one
FN:49,add
FN:54,sub
FN:62,mul
FN:67,div
FN:72,mulDiv
FN:79,uintMul
FN:91,abs
FN:103,invert
FN:108,toFixed
FN:113,toFixed
FN:119,toFixed
FN:128,toFixed
FN:139,toInteger
FN:144,ln
FN:226,exp
FN:320,_mul
FN:331,_div
FN:342,_add
FNF:19
FNH:0
FNDA:0,one
FNDA:0,add
FNDA:0,sub
FNDA:0,mul
FNDA:0,div
FNDA:0,mulDiv
FNDA:0,uintMul
FNDA:0,abs
FNDA:0,invert
FNDA:0,toFixed
FNDA:0,toFixed
FNDA:0,toFixed
FNDA:0,toFixed
FNDA:0,toInteger
FNDA:0,ln
FNDA:0,exp
FNDA:0,_mul
FNDA:0,_div
FNDA:0,_add
DA:45,0
DA:50,0
DA:55,0
DA:56,0
DA:58,0
DA:63,0
DA:68,0
DA:73,0
DA:80,0
DA:81,0
DA:83,0
DA:84,0
DA:85,0
DA:87,0
DA:92,0
DA:93,0
DA:95,0
DA:96,0
DA:98,0
DA:104,0
DA:109,0
DA:114,0
DA:120,0
DA:121,0
DA:123,0
DA:129,0
DA:130,0
DA:132,0
DA:133,0
DA:135,0
DA:140,0
DA:145,0
DA:146,0
DA:148,0
DA:149,0
DA:151,0
DA:152,0
DA:154,0
DA:155,0
DA:158,0
DA:159,0
DA:160,0
DA:166,0
DA:167,0
DA:168,0
DA:171,0
DA:172,0
DA:173,0
DA:176,0
DA:177,0
DA:178,0
DA:181,0
DA:182,0
DA:183,0
DA:186,0
DA:187,0
DA:188,0
DA:191,0
DA:192,0
DA:193,0
DA:196,0
DA:197,0
DA:198,0
DA:201,0
DA:202,0
DA:203,0
DA:206,0
DA:207,0
DA:208,0
DA:213,0
DA:214,0
DA:222,0
DA:227,0
DA:229,0
DA:231,0
DA:232,0
DA:234,0
DA:235,0
DA:245,0
DA:246,0
DA:248,0
DA:268,0
DA:271,0
DA:273,0
DA:274,0
DA:278,0
DA:279,0
DA:283,0
DA:284,0
DA:288,0
DA:289,0
DA:293,0
DA:294,0
DA:298,0
DA:299,0
DA:303,0
DA:304,0
DA:308,0
DA:309,0
DA:313,0
DA:314,0
DA:321,0
DA:322,0
DA:324,0
DA:325,0
DA:326,0
DA:332,0
DA:333,0
DA:335,0
DA:336,0
DA:338,0
DA:343,0
DA:344,0
DA:345,0
LF:114
LH:0
BRDA:55,1,0,0
BRDA:55,1,1,0
BRDA:80,2,0,0
BRDA:80,2,1,0
BRDA:84,3,0,0
BRDA:84,3,1,0
BRDA:92,4,0,0
BRDA:92,4,1,0
BRDA:95,5,0,0
BRDA:95,5,1,0
BRDA:120,6,0,0
BRDA:120,6,1,0
BRDA:129,7,0,0
BRDA:129,7,1,0
BRDA:132,8,0,0
BRDA:132,8,1,0
BRDA:145,9,0,0
BRDA:145,9,1,0
BRDA:148,10,0,0
BRDA:148,10,1,0
BRDA:151,11,0,0
BRDA:151,11,1,0
BRDA:154,12,0,0
BRDA:154,12,1,0
BRDA:166,13,0,0
BRDA:166,13,1,0
BRDA:171,14,0,0
BRDA:171,14,1,0
BRDA:176,15,0,0
BRDA:176,15,1,0
BRDA:181,16,0,0
BRDA:181,16,1,0
BRDA:186,17,0,0
BRDA:186,17,1,0
BRDA:191,18,0,0
BRDA:191,18,1,0
BRDA:196,19,0,0
BRDA:196,19,1,0
BRDA:201,20,0,0
BRDA:201,20,1,0
BRDA:206,21,0,0
BRDA:206,21,1,0
BRDA:227,22,0,0
BRDA:227,22,1,0
BRDA:231,23,0,0
BRDA:231,23,1,0
BRDA:234,24,0,0
BRDA:234,24,1,0
BRDA:273,25,0,0
BRDA:273,25,1,0
BRDA:278,26,0,0
BRDA:278,26,1,0
BRDA:283,27,0,0
BRDA:283,27,1,0
BRDA:288,28,0,0
BRDA:288,28,1,0
BRDA:293,29,0,0
BRDA:293,29,1,0
BRDA:298,30,0,0
BRDA:298,30,1,0
BRDA:303,31,0,0
BRDA:303,31,1,0
BRDA:308,32,0,0
BRDA:308,32,1,0
BRDA:313,33,0,0
BRDA:313,33,1,0
BRDA:321,34,0,0
BRDA:321,34,1,0
BRDA:325,35,0,0
BRDA:325,35,1,0
BRDA:332,36,0,0
BRDA:332,36,1,0
BRDA:335,37,0,0
BRDA:335,37,1,0
BRDA:344,38,0,0
BRDA:344,38,1,0
BRF:76
BRH:0
end_of_record
TN:
SF:/home/achapman/augur/packages/augur-core/src/contracts/0x/staking/contracts/src/libs/LibFixedMathRichErrors.sol
FN:51,SignedValueError
FN:66,UnsignedValueError
FN:81,BinOpError
FNF:3
FNH:0
FNDA:0,SignedValueError
FNDA:0,UnsignedValueError
FNDA:0,BinOpError
DA:59,0
DA:74,0
DA:90,0
LF:3
LH:0
BRF:0
BRH:0
end_of_record
TN:
SF:/home/achapman/augur/packages/augur-core/src/contracts/0x/staking/contracts/src/libs/LibSafeDowncast.sol
FN:29,downcastToUint96
FN:43,downcastToUint64
FN:57,downcastToUint32
FNF:3
FNH:0
FNDA:0,downcastToUint96
FNDA:0,downcastToUint64
FNDA:0,downcastToUint32
DA:34,0
DA:35,0
DA:36,0
DA:38,0
DA:48,0
DA:49,0
DA:50,0
DA:52,0
DA:62,0
DA:63,0
DA:64,0
DA:66,0
LF:12
LH:0
BRDA:35,1,0,0
BRDA:35,1,1,0
BRDA:49,2,0,0
BRDA:49,2,1,0
BRDA:63,3,0,0
BRDA:63,3,1,0
BRF:6
BRH:0
end_of_record
TN:
SF:/home/achapman/augur/packages/augur-core/src/contracts/0x/staking/contracts/src/libs/LibStakingRichErrors.sol
FN:112,OnlyCallableByExchangeError
FN:125,ExchangeManagerError
FN:140,InsufficientBalanceError
FN:155,OnlyCallableByPoolOperatorError
FN:170,BlockTimestampTooLowError
FN:185,OnlyCallableByStakingContractError
FN:198,OnlyCallableIfInCatastrophicFailureError
FN:206,OnlyCallableIfNotInCatastrophicFailureError
FN:214,OperatorShareError
FN:231,PoolExistenceError
FN:246,InvalidProtocolFeePaymentError
FN:261,InitializationError
FN:272,InvalidParamValueError
FN:283,ProxyDestinationCannotBeNilError
FN:291,PreviousEpochNotFinalizedError
FN:306,PoolNotFinalizedError
FNF:16
FNH:0
FNDA:0,OnlyCallableByExchangeError
FNDA:0,ExchangeManagerError
FNDA:0,InsufficientBalanceError
FNDA:0,OnlyCallableByPoolOperatorError
FNDA:0,BlockTimestampTooLowError
FNDA:0,OnlyCallableByStakingContractError
FNDA:0,OnlyCallableIfInCatastrophicFailureError
FNDA:0,OnlyCallableIfNotInCatastrophicFailureError
FNDA:0,OperatorShareError
FNDA:0,PoolExistenceError
FNDA:0,InvalidProtocolFeePaymentError
FNDA:0,InitializationError
FNDA:0,InvalidParamValueError
FNDA:0,ProxyDestinationCannotBeNilError
FNDA:0,PreviousEpochNotFinalizedError
FNDA:0,PoolNotFinalizedError
DA:119,0
DA:133,0
DA:148,0
DA:163,0
DA:178,0
DA:192,0
DA:203,0
DA:211,0
DA:223,0
DA:239,0
DA:254,0
DA:266,0
DA:277,0
DA:288,0
DA:299,0
DA:314,0
LF:16
LH:0
BRF:0
BRH:0
end_of_record
TN:
SF:/home/achapman/augur/packages/augur-core/src/contracts/0x/staking/contracts/src/stake/MixinStake.sol
FN:35,stake
FN:60,unstake
FN:100,moveStake
FN:161,_delegateStake
FN:199,_undelegateStake
FNF:5
FNH:0
FNDA:0,stake
FNDA:0,unstake
FNDA:0,moveStake
FNDA:0,_delegateStake
FNDA:0,_undelegateStake
DA:38,0
DA:41,0
DA:44,0
DA:50,0
DA:63,0
DA:65,0
DA:69,0
DA:74,0
DA:75,0
DA:79,0
DA:85,0
DA:88,0
DA:107,0
DA:110,0
DA:111,0
DA:115,0
DA:117,0
DA:121,0
DA:122,0
DA:129,0
DA:130,0
DA:138,0
DA:139,0
DA:140,0
DA:147,0
DA:169,0
DA:171,0
DA:177,0
DA:183,0
DA:189,0
DA:207,0
DA:209,0
DA:215,0
DA:221,0
DA:227,0
LF:35
LH:0
BRDA:74,1,0,0
BRDA:74,1,1,0
BRDA:110,2,0,0
BRDA:110,2,1,0
BRDA:115,3,0,0
BRDA:115,3,1,0
BRDA:121,4,0,0
BRDA:121,4,1,0
BRDA:129,5,0,0
BRDA:129,5,1,0
BRF:10
BRH:0
end_of_record
TN:
SF:/home/achapman/augur/packages/augur-core/src/contracts/0x/staking/contracts/src/stake/MixinStakeBalances.sol
FN:37,getGlobalStakeByStatus
FN:59,getOwnerStakeByStatus
FN:76,getTotalStake
FN:88,getStakeDelegatedToPoolByOwner
FN:101,getTotalStakeDelegatedToPool
FNF:5
FNH:0
FNDA:0,getGlobalStakeByStatus
FNDA:0,getOwnerStakeByStatus
FNDA:0,getTotalStake
FNDA:0,getStakeDelegatedToPoolByOwner
FNDA:0,getTotalStakeDelegatedToPool
DA:42,0
DA:45,0
DA:48,0
DA:49,0
DA:50,0
DA:52,0
DA:67,0
DA:70,0
DA:81,0
DA:93,0
DA:94,0
DA:106,0
DA:107,0
LF:13
LH:0
BRDA:45,1,0,0
BRDA:45,1,1,0
BRF:2
BRH:0
end_of_record
TN:
SF:/home/achapman/augur/packages/augur-core/src/contracts/0x/staking/contracts/src/stake/MixinStakeStorage.sol
FN:39,_moveStake
FN:72,_loadCurrentBalance
FN:89,_increaseCurrentAndNextBalance
FN:104,_decreaseCurrentAndNextBalance
FN:119,_increaseNextBalance
FN:133,_decreaseNextBalance
FN:147,_storeBalance
FN:164,_arePointersEqual
FNF:8
FNH:0
FNDA:0,_moveStake
FNDA:0,_loadCurrentBalance
FNDA:0,_increaseCurrentAndNextBalance
FNDA:0,_decreaseCurrentAndNextBalance
FNDA:0,_increaseNextBalance
FNDA:0,_decreaseNextBalance
FNDA:0,_storeBalance
FNDA:0,_arePointersEqual
DA:47,0
DA:48,0
DA:52,0
DA:53,0
DA:56,0
DA:57,0
DA:61,0
DA:62,0
DA:65,0
DA:66,0
DA:77,0
DA:78,0
DA:79,0
DA:80,0
DA:81,0
DA:83,0
DA:93,0
DA:94,0
DA:95,0
DA:98,0
DA:108,0
DA:109,0
DA:110,0
DA:113,0
DA:123,0
DA:124,0
DA:127,0
DA:137,0
DA:138,0
DA:141,0
DA:155,0
DA:156,0
DA:157,0
DA:174,0
DA:180,0
LF:35
LH:0
BRDA:47,1,0,0
BRDA:47,1,1,0
BRDA:56,2,0,0
BRDA:56,2,1,0
BRDA:79,3,0,0
BRDA:79,3,1,0
BRF:6
BRH:0
end_of_record
TN:
SF:/home/achapman/augur/packages/augur-core/src/contracts/0x/staking/contracts/src/staking_pools/MixinCumulativeRewards.sol
FN:35,_isCumulativeRewardSet
FN:54,_addCumulativeReward
FN:102,_updateCumulativeReward
FN:118,_computeMemberRewardOverInterval
FN:153,_getMostRecentCumulativeReward
FN:169,_getCumulativeRewardAtEpoch
FNF:6
FNH:0
FNDA:0,_isCumulativeRewardSet
FNDA:0,_addCumulativeReward
FNDA:0,_updateCumulativeReward
FNDA:0,_computeMemberRewardOverInterval
FNDA:0,_getMostRecentCumulativeReward
FNDA:0,_getCumulativeRewardAtEpoch
DA:43,0
DA:63,0
DA:64,0
DA:67,0
DA:68,0
DA:71,0
DA:75,0
DA:76,0
DA:78,0
DA:85,0
DA:90,0
DA:94,0
DA:95,0
DA:108,0
DA:129,0
DA:130,0
DA:134,0
DA:137,0
DA:138,0
DA:141,0
DA:158,0
DA:159,0
DA:175,0
DA:176,0
DA:177,0
DA:181,0
DA:182,0
DA:183,0
DA:184,0
DA:188,0
DA:189,0
DA:190,0
DA:191,0
DA:192,0
DA:197,0
LF:35
LH:0
BRDA:67,1,0,0
BRDA:67,1,1,0
BRDA:76,2,0,0
BRDA:76,2,1,0
BRDA:129,3,0,0
BRDA:129,3,1,0
BRDA:134,4,0,0
BRDA:134,4,1,0
BRDA:176,5,0,0
BRDA:176,5,1,0
BRDA:183,6,0,0
BRDA:183,6,1,0
BRDA:189,7,0,0
BRDA:189,7,1,0
BRDA:191,8,0,0
BRDA:191,8,1,0
BRF:16
BRH:0
end_of_record
TN:
SF:/home/achapman/augur/packages/augur-core/src/contracts/0x/staking/contracts/src/staking_pools/MixinStakingPool.sol
FN:39,onlyStakingPoolOperator
FN:49,createStakingPool
FN:86,decreaseStakingPoolOperatorShare
FN:109,joinStakingPoolAsMaker
FN:122,getStakingPool
[...]
FN:528,encodeTakerAssetData
FN:547,getTokenId
FN:555,unpackTokenId
FN:573,decodeAssetData
FN:623,decodeTradeAssetData
FN:663,parseOrderData
FN:672,getZeroXTradeTokenData
FN:678,getTokenIdFromOrder
FN:683,createZeroXOrder
FN:687,createZeroXOrderFor
FN:700,encodeEIP1271OrderWithHash
FN:715,
FNF:40
FNH:33
FNDA:1,initialize
FNDA:0,safeTransferFrom
FNDA:228,safeBatchTransferFrom
FNDA:149,balanceOf
FNDA:0,totalSupply
FNDA:65,bidBalance
FNDA:84,askBalance
FNDA:149,cashAvailableForTransferFrom
FNDA:1,balanceOfBatch
FNDA:0,setApprovalForAll
FNDA:0,isApprovedForAll
FNDA:102,trade
FNDA:115,fillOrderNoThrow
FNDA:103,coverProtocolFee
FNDA:1,estimateProtocolFeeCostInCash
FNDA:1,getTokenPurchaseCost
FNDA:1,getAmountIn
FNDA:115,validateOrder
FNDA:241,isOrderAmountValid
FNDA:1,cancelOrders
FNDA:113,doTrade
FNDA:110,logOrderFilled
FNDA:113,creatorHasFundsForTrade
FNDA:0,getTransferFromAllowed
FNDA:126,encodeAssetData
FNDA:126,encodeTradeAssetData
FNDA:490,encodeCashAssetData
FNDA:490,encodeShareAssetData
FNDA:241,encodeTakerAssetData
FNDA:136,getTokenId
FNDA:401,unpackTokenId
FNDA:364,decodeAssetData
FNDA:364,decodeTradeAssetData
FNDA:136,parseOrderData
FNDA:115,getZeroXTradeTokenData
FNDA:113,getTokenIdFromOrder
FNDA:126,createZeroXOrder
FNDA:126,createZeroXOrderFor
FNDA:0,encodeEIP1271OrderWithHash
FNDA:0,
DA:96,1
DA:97,1
DA:98,1
DA:99,1
DA:100,1
DA:101,1
DA:102,1
DA:103,1
DA:104,1
DA:105,1
DA:106,1
DA:107,1
DA:108,1
DA:109,1
DA:110,1
DA:111,1
DA:113,1
DA:114,1
DA:116,1
DA:135,0
DA:136,0
DA:147,228
DA:148,228
DA:156,149
DA:158,149
DA:159,149
DA:160,84
DA:162,65
DA:167,0
DA:171,65
DA:173,65
DA:174,65
DA:175,65
DA:176,153
DA:177,20
DA:179,153
DA:180,153
DA:183,65
DA:185,65
DA:186,65
DA:188,65
DA:192,84
DA:193,84
DA:194,84
DA:196,84
DA:200,149
DA:201,149
DA:202,149
DA:210,1
DA:211,1
DA:212,2
DA:217,0
DA:221,0
DA:251,102
DA:252,102
DA:254,102
DA:256,102
DA:257,102
DA:260,102
DA:261,115
DA:262,115
DA:265,115
DA:272,115
DA:273,2
DA:276,113
DA:278,113
DA:279,113
DA:280,113
DA:281,2
DA:285,102
DA:287,102
DA:288,77
DA:289,77
DA:292,102
DA:296,115
DA:303,115
DA:304,115
DA:305,113
DA:306,113
DA:308,115
DA:312,103
DA:313,0
DA:314,0
DA:315,0
DA:316,0
DA:317,0
DA:318,0
DA:323,1
DA:324,1
DA:325,1
DA:329,1
DA:330,1
DA:334,1
DA:335,1
DA:336,1
DA:337,1
DA:338,1
DA:342,115
DA:343,115
DA:344,115
DA:345,115
DA:346,115
DA:347,115
DA:348,115
DA:352,241
DA:353,241
DA:357,1
DA:358,1
DA:359,1
DA:360,1
DA:361,1
DA:362,1
DA:363,1
DA:364,1
DA:365,1
DA:366,1
DA:367,1
DA:368,1
DA:369,1
DA:370,1
DA:372,1
DA:373,1
DA:374,0
DA:375,0
DA:377,1
DA:382,113
DA:385,113
DA:386,1
DA:389,112
DA:390,2
DA:392,110
DA:393,110
DA:394,110
DA:395,110
DA:399,110
DA:400,110
DA:401,110
DA:402,110
DA:403,110
DA:404,110
DA:405,110
DA:406,110
DA:407,110
DA:408,110
DA:409,110
DA:410,110
DA:411,110
DA:412,110
DA:416,113
DA:417,113
DA:421,0
DA:440,126
DA:441,126
DA:442,126
DA:443,126
DA:444,126
DA:445,126
DA:446,126
DA:447,126
DA:448,126
DA:453,126
DA:472,126
DA:473,126
DA:475,126
DA:476,126
DA:477,126
DA:478,126
DA:479,126
DA:487,126
DA:497,490
DA:502,490
DA:512,490
DA:513,490
DA:514,490
DA:515,490
DA:523,490
DA:533,241
DA:534,241
DA:535,241
DA:536,241
DA:544,241
DA:549,136
DA:550,136
DA:556,401
DA:585,364
DA:591,364
DA:593,364
DA:594,364
DA:597,364
DA:599,364
DA:602,364
DA:603,364
DA:604,364
DA:605,364
DA:606,364
DA:607,364
DA:608,364
DA:611,364
DA:635,364
DA:641,364
DA:643,364
DA:654,364
DA:664,136
DA:665,136
DA:666,136
DA:667,136
DA:668,136
DA:669,136
DA:673,115
DA:674,115
DA:675,115
DA:679,113
DA:680,113
DA:684,126
DA:688,126
DA:689,126
DA:690,126
DA:691,126
DA:692,126
DA:693,126
DA:694,126
DA:695,126
DA:696,126
DA:697,126
DA:708,0
LF:225
LH:210
BRDA:100,1,0,1
BRDA:100,1,1,0
BRDA:102,2,0,1
BRDA:102,2,1,0
BRDA:104,3,0,1
BRDA:104,3,1,0
BRDA:106,4,0,1
BRDA:106,4,1,0
BRDA:110,5,0,1
BRDA:110,5,1,0
BRDA:135,6,0,0
BRDA:135,6,1,0
BRDA:147,7,0,228
BRDA:147,7,1,0
BRDA:159,8,0,84
BRDA:159,8,1,65
BRDA:161,9,0,65
BRDA:161,9,1,0
BRDA:176,10,0,20
BRDA:176,10,1,133
BRDA:251,11,0,102
BRDA:251,11,1,0
BRDA:272,12,0,2
BRDA:272,12,1,113
BRDA:280,13,0,2
BRDA:280,13,1,111
BRDA:287,14,0,77
BRDA:287,14,1,25
BRDA:289,15,0,77
BRDA:289,15,1,0
BRDA:304,16,0,113
BRDA:304,16,1,2
BRDA:305,17,0,113
BRDA:305,17,1,0
BRDA:312,18,0,0
BRDA:312,18,1,103
BRDA:315,19,0,0
BRDA:315,19,1,0
BRDA:316,20,0,0
BRDA:316,20,1,0
BRDA:334,21,0,1
BRDA:334,21,1,0
BRDA:335,22,0,1
BRDA:335,22,1,0
BRDA:342,23,0,115
BRDA:342,23,1,0
BRDA:343,24,0,115
BRDA:343,24,1,0
BRDA:347,25,0,115
BRDA:347,25,1,0
BRDA:348,26,0,115
BRDA:348,26,1,0
BRDA:357,27,0,1
BRDA:357,27,1,0
BRDA:364,28,0,1
BRDA:364,28,1,0
BRDA:373,29,0,0
BRDA:373,29,1,1
BRDA:375,30,0,0
BRDA:375,30,1,0
BRDA:385,31,0,1
BRDA:385,31,1,112
BRDA:389,32,0,2
BRDA:389,32,1,110
BRDA:591,33,0,364
BRDA:591,33,1,0
BRDA:603,34,0,364
BRDA:603,34,1,0
BRDA:604,35,0,364
BRDA:604,35,1,0
BRDA:605,36,0,364
BRDA:605,36,1,0
BRDA:606,37,0,364
BRDA:606,37,1,0
BRDA:607,38,0,364
BRDA:607,38,1,0
BRDA:608,39,0,364
BRDA:608,39,1,0
BRDA:641,40,0,364
BRDA:641,40,1,0
BRDA:689,41,0,126
BRDA:689,41,1,0
BRF:82
BRH:45
end_of_record
TN:
SF:/home/achapman/augur/packages/augur-core/src/contracts/uniswap/interfaces/IERC20.sol
FNF:0
FNH:0
LF:0
LH:0
BRF:0
BRH:0
end_of_record
TN:
SF:/home/achapman/augur/packages/augur-core/src/contracts/uniswap/interfaces/IUniswapV2Callee.sol
FNF:0
FNH:0
LF:0
LH:0
BRF:0
BRH:0
end_of_record
TN:
SF:/home/achapman/augur/packages/augur-core/src/contracts/uniswap/interfaces/IUniswapV2ERC20.sol
FNF:0
FNH:0
LF:0
LH:0
BRF:0
BRH:0
end_of_record
TN:
SF:/home/achapman/augur/packages/augur-core/src/contracts/uniswap/interfaces/IUniswapV2Factory.sol
FNF:0
FNH:0
LF:0
LH:0
BRF:0
BRH:0
end_of_record
TN:
SF:/home/achapman/augur/packages/augur-core/src/contracts/uniswap/interfaces/IUniswapV2Library.sol
FNF:0
FNH:0
LF:0
LH:0
BRF:0
BRH:0
end_of_record
TN:
SF:/home/achapman/augur/packages/augur-core/src/contracts/uniswap/interfaces/IUniswapV2Pair.sol
FNF:0
FNH:0
LF:0
LH:0
BRF:0
BRH:0
end_of_record
TN:
SF:/home/achapman/augur/packages/augur-core/src/contracts/uniswap/interfaces/IUniswapV2Router01.sol
FNF:0
FNH:0
LF:0
LH:0
BRF:0
BRH:0
end_of_record
TN:
SF:/home/achapman/augur/packages/augur-core/src/contracts/uniswap/interfaces/IWETH.sol
FNF:0
FNH:0
LF:0
LH:0
BRF:0
BRH:0
end_of_record
TN:
SF:/home/achapman/augur/packages/augur-core/src/contracts/uniswap/libraries/Math.sol
FN:6,min
FN:11,sqrt
FNF:2
FNH:0
FNDA:0,min
FNDA:0,sqrt
DA:7,0
DA:12,0
DA:13,0
DA:14,0
DA:15,0
DA:16,0
DA:17,0
DA:20,0
LF:8
LH:0
BRDA:12,1,0,0
BRDA:12,1,1,0
BRDA:19,2,0,0
BRDA:19,2,1,0
BRF:4
BRH:0
end_of_record
TN:
SF:/home/achapman/augur/packages/augur-core/src/contracts/uniswap/libraries/SafeMath.sol
FN:6,add
FN:10,sub
FN:14,mul
FNF:3
FNH:0
FNDA:0,add
FNDA:0,sub
FNDA:0,mul
DA:7,0
DA:11,0
DA:15,0
LF:3
LH:0
BRDA:7,1,0,0
BRDA:7,1,1,0
BRDA:11,2,0,0
BRDA:11,2,1,0
BRDA:15,3,0,0
BRDA:15,3,1,0
BRF:6
BRH:0
end_of_record
TN:
SF:/home/achapman/augur/packages/augur-core/src/contracts/uniswap/libraries/UQ112x112.sol
FN:12,encode
FN:17,uqdiv
FN:22,uqmul
FN:27,decode
FNF:4
FNH:0
FNDA:0,encode
FNDA:0,uqdiv
FNDA:0,uqmul
FNDA:0,decode
DA:13,0
DA:18,0
DA:23,0
DA:28,0
LF:4
LH:0
BRDA:23,1,0,0
BRDA:23,1,1,0
BRF:2
BRH:0
end_of_record
TN:
SF:/home/achapman/augur/packages/augur-core/src/contracts/uniswap/UniswapV2ERC20.sol
FN:24,constructor
FN:40,_mint
FN:46,_burn
FN:52,_approve
FN:57,_transfer
FN:63,approve
FN:68,transfer
FN:73,transferFrom
FN:81,permit
FNF:9
FNH:0
FNDA:0,constructor
FNDA:0,_mint
FNDA:0,_burn
FNDA:0,_approve
FNDA:0,_transfer
FNDA:0,approve
FNDA:0,transfer
FNDA:0,transferFrom
FNDA:0,permit
DA:25,0
DA:26,0
DA:29,0
DA:41,0
DA:42,0
DA:43,0
DA:47,0
DA:48,0
DA:49,0
DA:53,0
DA:54,0
DA:58,0
DA:59,0
DA:60,0
DA:64,0
DA:65,0
DA:69,0
DA:70,0
DA:74,0
DA:75,0
DA:77,0
DA:78,0
DA:82,0
DA:83,0
DA:90,0
DA:91,0
DA:92,0
LF:27
LH:0
BRDA:74,1,0,0
BRDA:74,1,1,0
BRDA:82,2,0,0
BRDA:82,2,1,0
BRDA:91,3,0,0
BRDA:91,3,1,0
BRF:6
BRH:0
end_of_record
TN:
SF:/home/achapman/augur/packages/augur-core/src/contracts/uniswap/UniswapV2Factory.sol
FN:16,constructor
FN:20,allPairsLength
FN:24,createPair
FN:41,setFeeTo
FN:46,setFeeToSetter
FNF:5
FNH:0
FNDA:0,constructor
FNDA:0,allPairsLength
FNDA:0,createPair
FNDA:0,setFeeTo
FNDA:0,setFeeToSetter
DA:17,0
DA:21,0
DA:25,0
DA:26,0
DA:27,0
DA:28,0
DA:29,0
DA:30,0
DA:31,0
DA:34,0
DA:35,0
DA:36,0
DA:37,0
DA:38,0
DA:42,0
DA:43,0
DA:47,0
DA:48,0
LF:18
LH:0
BRDA:25,1,0,0
BRDA:25,1,1,0
BRDA:27,2,0,0
BRDA:27,2,1,0
BRDA:28,3,0,0
BRDA:28,3,1,0
BRDA:42,4,0,0
BRDA:42,4,1,0
BRDA:47,5,0,0
BRDA:47,5,1,0
BRF:10
BRH:0
end_of_record
TN:
SF:/home/achapman/augur/packages/augur-core/src/contracts/uniswap/UniswapV2Library.sol
FN:17,sortTokens
FN:24,exchangeFor
FN:29,getReserves
FN:36,quote
FN:43,getAmountOut
FN:53,getAmountIn
FN:62,getAmountsOut
FN:73,getAmountsIn
FNF:8
FNH:0
FNDA:0,sortTokens
FNDA:0,exchangeFor
FNDA:0,getReserves
FNDA:0,quote
FNDA:0,getAmountOut
FNDA:0,getAmountIn
FNDA:0,getAmountsOut
FNDA:0,getAmountsIn
DA:18,0
DA:19,0
DA:20,0
DA:25,0
DA:30,0
DA:31,0
DA:32,0
DA:37,0
DA:38,0
DA:39,0
DA:44,0
DA:45,0
DA:46,0
DA:47,0
DA:48,0
DA:49,0
DA:54,0
DA:55,0
DA:56,0
DA:57,0
DA:58,0
DA:63,0
DA:64,0
DA:65,0
DA:66,0
DA:67,0
DA:68,0
DA:74,0
DA:75,0
DA:76,0
DA:77,0
DA:78,0
DA:79,0
LF:33
LH:0
BRDA:18,1,0,0
BRDA:18,1,1,0
BRDA:20,2,0,0
BRDA:20,2,1,0
BRDA:37,3,0,0
BRDA:37,3,1,0
BRDA:38,4,0,0
BRDA:38,4,1,0
BRDA:44,5,0,0
BRDA:44,5,1,0
BRDA:45,6,0,0
BRDA:45,6,1,0
BRDA:54,7,0,0
BRDA:54,7,1,0
BRDA:55,8,0,0
BRDA:55,8,1,0
BRDA:63,9,0,0
BRDA:63,9,1,0
BRDA:74,10,0,0
BRDA:74,10,1,0
BRF:20
BRH:0
end_of_record
TN:
SF:/home/achapman/augur/packages/augur-core/src/contracts/uniswap/UniswapV2Pair.sol
FN:32,lock
FN:39,getReserves
FN:45,_safeTransfer
FN:62,constructor
FN:67,initialize
FN:74,_update
FN:90,_mintFee
FN:111,mint
FN:135,burn
FN:160,swap
FN:191,skim
FN:199,sync
FNF:12
FNH:0
FNDA:0,lock
FNDA:0,getReserves
FNDA:0,_safeTransfer
FNDA:0,constructor
FNDA:0,initialize
FNDA:0,_update
FNDA:0,_mintFee
FNDA:0,mint
FNDA:0,burn
FNDA:0,swap
FNDA:0,skim
FNDA:0,sync
DA:33,0
DA:34,0
DA:35,0
DA:36,0
DA:40,0
DA:41,0
DA:42,0
DA:46,0
DA:47,0
DA:63,0
DA:68,0
DA:69,0
DA:70,0
DA:75,0
DA:76,0
DA:77,0
DA:78,0
DA:80,0
DA:81,0
DA:83,0
DA:84,0
DA:85,0
DA:86,0
DA:91,0
DA:92,0
DA:93,0
DA:94,0
DA:95,0
DA:96,0
DA:97,0
DA:98,0
DA:99,0
DA:100,0
DA:101,0
DA:102,0
DA:106,0
DA:112,0
DA:113,0
DA:114,0
DA:115,0
DA:116,0
DA:118,0
DA:119,0
DA:120,0
DA:121,0
DA:122,0
DA:124,0
DA:126,0
DA:127,0
DA:129,0
DA:130,0
DA:131,0
DA:136,0
DA:137,0
DA:138,0
DA:139,0
DA:140,0
DA:141,0
DA:143,0
DA:144,0
DA:145,0
DA:146,0
DA:147,0
DA:148,0
DA:149,0
DA:150,0
DA:151,0
DA:152,0
DA:154,0
DA:155,0
DA:156,0
DA:161,0
DA:162,0
DA:163,0
DA:165,0
DA:166,0
DA:167,0
DA:168,0
DA:169,0
DA:170,0
DA:171,0
DA:172,0
DA:173,0
DA:174,0
DA:175,0
DA:177,0
DA:178,0
DA:179,0
DA:180,0
DA:181,0
DA:182,0
DA:183,0
DA:186,0
DA:187,0
DA:192,0
DA:193,0
DA:194,0
DA:195,0
DA:200,0
LF:99
LH:0
BRDA:33,1,0,0
BRDA:33,1,1,0
BRDA:47,2,0,0
BRDA:47,2,1,0
BRDA:68,3,0,0
BRDA:68,3,1,0
BRDA:75,4,0,0
BRDA:75,4,1,0
BRDA:78,5,0,0
BRDA:78,5,1,0
BRDA:94,6,0,0
BRDA:94,6,1,0
BRDA:95,7,0,0
BRDA:95,7,1,0
BRDA:98,8,0,0
BRDA:98,8,1,0
BRDA:102,9,0,0
BRDA:102,9,1,0
BRDA:105,10,0,0
BRDA:105,10,1,0
BRDA:120,11,0,0
BRDA:120,11,1,0
BRDA:126,12,0,0
BRDA:126,12,1,0
BRDA:130,13,0,0
BRDA:130,13,1,0
BRDA:147,14,0,0
BRDA:147,14,1,0
BRDA:155,15,0,0
BRDA:155,15,1,0
BRDA:161,16,0,0
BRDA:161,16,1,0
BRDA:163,17,0,0
BRDA:163,17,1,0
BRDA:170,18,0,0
BRDA:170,18,1,0
BRDA:171,19,0,0
BRDA:171,19,1,0
BRDA:172,20,0,0
BRDA:172,20,1,0
BRDA:173,21,0,0
BRDA:173,21,1,0
BRDA:179,22,0,0
BRDA:179,22,1,0
BRDA:183,23,0,0
BRDA:183,23,1,0
BRF:46
BRH:0
end_of_record
TN:
SF:/home/achapman/augur/packages/augur-core/src/contracts/uniswap/UniswapV2Router01.sol
FN:17,_safeTransfer
FN:22,_safeTransferFrom
FN:27,_safeTransferETH
FN:32,ensure
FN:37,constructor
FN:42,
FN:47,pairFor
FN:52,_addLiquidity
FN:79,addLiquidity
FN:96,addLiquidityETH
FN:121,removeLiquidity
FN:139,removeLiquidityETH
FN:161,removeLiquidityWithPermit
FN:177,removeLiquidityETHWithPermit
FN:194,_swap
FN:205,swapExactTokensForTokens
FN:218,swapTokensForExactTokens
FN:231,swapExactETHForTokens
FN:245,swapTokensForExactETH
FN:259,swapExactTokensForETH
FN:272,swapETHForExactTokens
FNF:21
FNH:0
FNDA:0,_safeTransfer
FNDA:0,_safeTransferFrom
FNDA:0,_safeTransferETH
FNDA:0,ensure
FNDA:0,constructor
FNDA:0,
FNDA:0,pairFor
FNDA:0,_addLiquidity
FNDA:0,addLiquidity
FNDA:0,addLiquidityETH
FNDA:0,removeLiquidity
FNDA:0,removeLiquidityETH
FNDA:0,removeLiquidityWithPermit
FNDA:0,removeLiquidityETHWithPermit
FNDA:0,_swap
FNDA:0,swapExactTokensForTokens
FNDA:0,swapTokensForExactTokens
FNDA:0,swapExactETHForTokens
FNDA:0,swapTokensForExactETH
FNDA:0,swapExactTokensForETH
FNDA:0,swapETHForExactTokens
DA:18,0
DA:19,0
DA:23,0
DA:24,0
DA:28,0
DA:29,0
DA:33,0
DA:34,0
DA:38,0
DA:39,0
DA:43,0
DA:48,0
DA:61,0
DA:62,0
DA:63,0
DA:64,0
DA:66,0
DA:67,0
DA:68,0
DA:69,0
DA:71,0
DA:72,0
DA:73,0
DA:74,0
DA:89,0
DA:90,0
DA:91,0
DA:92,0
DA:93,0
DA:104,0
DA:112,0
DA:113,0
DA:114,0
DA:115,0
DA:116,0
DA:117,0
DA:130,0
DA:131,0
DA:132,0
DA:133,0
DA:134,0
DA:135,0
DA:136,0
DA:147,0
DA:156,0
DA:157,0
DA:158,0
DA:171,0
DA:172,0
DA:173,0
DA:174,0
DA:186,0
DA:187,0
DA:188,0
DA:189,0
DA:195,0
DA:196,0
DA:197,0
DA:198,0
DA:199,0
DA:200,0
DA:201,0
DA:212,0
DA:213,0
DA:214,0
DA:215,0
DA:225,0
DA:226,0
DA:227,0
DA:228,0
DA:237,0
DA:238,0
DA:239,0
DA:240,0
DA:241,0
DA:242,0
DA:250,0
DA:251,0
DA:252,0
DA:253,0
DA:254,0
DA:255,0
DA:256,0
DA:264,0
DA:265,0
DA:266,0
DA:267,0
DA:268,0
DA:269,0
DA:270,0
DA:278,0
DA:279,0
DA:280,0
DA:281,0
DA:282,0
DA:283,0
DA:284,0
LF:97
LH:0
BRDA:19,1,0,0
BRDA:19,1,1,0
BRDA:24,2,0,0
BRDA:24,2,1,0
BRDA:29,3,0,0
BRDA:29,3,1,0
BRDA:33,4,0,0
BRDA:33,4,1,0
BRDA:43,5,0,0
BRDA:43,5,1,0
BRDA:61,6,0,0
BRDA:61,6,1,0
BRDA:63,7,0,0
BRDA:63,7,1,0
BRDA:67,8,0,0
BRDA:67,8,1,0
BRDA:68,9,0,0
BRDA:68,9,1,0
BRDA:72,10,0,0
BRDA:72,10,1,0
BRDA:73,11,0,0
BRDA:73,11,1,0
BRDA:115,12,0,0
BRDA:115,12,1,0
BRDA:117,13,0,0
BRDA:117,13,1,0
BRDA:135,14,0,0
BRDA:135,14,1,0
BRDA:136,15,0,0
BRDA:136,15,1,0
BRDA:213,16,0,0
BRDA:213,16,1,0
BRDA:226,17,0,0
BRDA:226,17,1,0
BRDA:237,18,0,0
BRDA:237,18,1,0
BRDA:239,19,0,0
BRDA:239,19,1,0
BRDA:241,20,0,0
BRDA:241,20,1,0
BRDA:250,21,0,0
BRDA:250,21,1,0
BRDA:252,22,0,0
BRDA:252,22,1,0
BRDA:264,23,0,0
BRDA:264,23,1,0
BRDA:266,24,0,0
BRDA:266,24,1,0
BRDA:278,25,0,0
BRDA:278,25,1,0
BRDA:280,26,0,0
BRDA:280,26,1,0
BRDA:282,27,0,0
BRDA:282,27,1,0
BRDA:284,28,0,0
BRDA:284,28,1,0
BRF:56
BRH:0
end_of_record
TN:
SF:/home/achapman/augur/packages/augur-core/src/contracts/utility/AuditFunds.sol
FN:44,initialize
FN:52,getAvailableShareData
FN:75,getAvailableReports
FN:94,getAvailableDisputes
FN:112,addressFrom
FNF:5
FNH:5
FNDA:1,initialize
FNDA:3,getAvailableShareData
FNDA:2,getAvailableReports
FNDA:2,getAvailableDisputes
FNDA:17,addressFrom
DA:45,1
DA:46,1
DA:47,1
DA:48,1
DA:49,1
DA:53,3
DA:54,3
DA:55,7
DA:56,7
DA:57,1
DA:59,6
DA:60,6
DA:61,2
DA:63,4
DA:64,4
DA:65,4
DA:66,12
DA:67,12
DA:68,12
DA:70,4
DA:71,4
DA:76,2
DA:77,2
DA:78,6
DA:79,6
DA:80,1
DA:82,5
DA:83,5
DA:84,5
DA:85,3
DA:87,2
DA:88,2
DA:89,2
DA:90,2
DA:95,2
DA:96,2
DA:97,3
DA:98,3
DA:99,1
DA:101,2
DA:102,2
DA:103,2
DA:104,0
DA:106,2
DA:107,2
DA:108,2
DA:113,17
DA:114,17
DA:115,0
DA:116,0
DA:117,0
DA:118,0
DA:119,0
LF:53
LH:47
BRDA:56,1,0,1
BRDA:56,1,1,6
BRDA:60,2,0,2
BRDA:60,2,1,4
BRDA:79,3,0,1
BRDA:79,3,1,5
BRDA:84,4,0,3
BRDA:84,4,1,2
BRDA:98,5,0,1
BRDA:98,5,1,2
BRDA:103,6,0,0
BRDA:103,6,1,2
BRDA:113,7,0,0
BRDA:113,7,1,17
BRDA:114,8,0,17
BRDA:114,8,1,0
BRDA:115,9,0,0
BRDA:115,9,1,0
BRDA:116,10,0,0
BRDA:116,10,1,0
BRDA:117,11,0,0
BRDA:117,11,1,0
BRDA:118,12,0,0
BRDA:118,12,1,0
BRF:24
BRH:13
end_of_record
TN:
SF:/home/achapman/augur/packages/augur-core/src/contracts/utility/BuyParticipationTokens.sol
FN:18,buyParticipationTokens
FNF:1
FNH:1
FNDA:2,buyParticipationTokens
DA:19,2
DA:20,2
DA:21,2
LF:3
LH:3
BRF:0
BRH:0
end_of_record
TN:
SF:/home/achapman/augur/packages/augur-core/src/contracts/utility/Formulas.sol
FN:15,calculateValidityBond
FN:21,calculateDesignatedReportStake
FN:27,calculateDesignatedReportNoShowBond
FN:33,calculateFloatingValue
FNF:4
FNH:4
FNDA:102,calculateValidityBond
FNDA:114,calculateDesignatedReportStake
FNDA:115,calculateDesignatedReportNoShowBond
FNDA:352,calculateFloatingValue
DA:16,102
DA:17,102
DA:18,102
DA:22,114
DA:23,114
DA:24,114
DA:28,115
DA:29,115
DA:30,115
DA:34,352
DA:35,308
DA:40,44
DA:42,25
DA:45,25
DA:46,25
DA:47,25
DA:50,19
DA:55,19
DA:56,19
DA:58,44
DA:60,44
LF:21
LH:21
BRDA:34,1,0,308
BRDA:34,1,1,44
BRDA:40,2,0,25
BRDA:40,2,1,19
BRF:4
BRH:4
end_of_record
TN:
SF:/home/achapman/augur/packages/augur-core/src/contracts/utility/HotLoading.sol
FN:67,getMarketData
FN:97,getMarketsData
FN:107,getLastTradedPrices
FN:114,getReportingState
FN:152,getCurrentDisputeWindowData
FN:167,getTotalValidityBonds
FNF:6
FNH:6
FNDA:13,getMarketData
FNDA:1,getMarketsData
FNDA:13,getLastTradedPrices
FNDA:13,getReportingState
FNDA:3,getCurrentDisputeWindowData
FNDA:1,getTotalValidityBonds
DA:68,13
DA:69,13
DA:70,13
DA:71,13
DA:72,13
DA:73,13
DA:74,13
DA:75,13
DA:76,13
DA:77,13
DA:78,13
DA:79,13
DA:80,13
DA:81,13
DA:82,13
DA:83,13
DA:84,13
DA:85,13
DA:86,13
DA:87,13
DA:88,13
DA:89,13
DA:90,13
DA:91,13
DA:92,1
DA:93,1
DA:98,1
DA:100,1
DA:102,1
DA:103,2
DA:108,13
DA:109,13
DA:110,41
DA:115,13
DA:116,1
DA:119,12
DA:120,12
DA:121,12
DA:122,0
DA:123,0
DA:125,0
DA:128,12
DA:129,12
DA:131,12
DA:132,4
DA:133,1
DA:135,3
DA:136,1
DA:138,2
DA:141,8
DA:142,1
DA:145,7
DA:146,1
DA:149,6
DA:153,3
DA:154,3
DA:155,1
DA:156,1
DA:157,1
DA:158,1
DA:160,2
DA:161,2
DA:162,2
DA:163,2
DA:164,2
DA:168,1
DA:169,3
DA:170,3
LF:68
LH:65
BRDA:91,1,0,1
BRDA:91,1,1,12
BRDA:115,2,0,1
BRDA:115,2,1,12
BRDA:121,3,0,0
BRDA:121,3,1,12
BRDA:122,4,0,0
BRDA:122,4,1,0
BRDA:131,5,0,4
BRDA:131,5,1,8
BRDA:132,6,0,1
BRDA:132,6,1,3
BRDA:135,7,0,1
BRDA:135,7,1,2
BRDA:141,8,0,1
BRDA:141,8,1,7
BRDA:145,9,0,1
BRDA:145,9,1,6
BRDA:154,10,0,1
BRDA:154,10,1,2
BRF:20
BRH:17
end_of_record
TN:
SF:/home/achapman/augur/packages/augur-core/src/contracts/utility/IFormulas.sol
FNF:0
FNH:0
LF:0
LH:0
BRF:0
BRH:0
end_of_record
TN:
SF:/home/achapman/augur/packages/augur-core/src/contracts/utility/IRepSymbol.sol
FNF:0
FNH:0
LF:0
LH:0
BRF:0
BRH:0
end_of_record
TN:
SF:/home/achapman/augur/packages/augur-core/src/contracts/utility/RedeemStake.sol
FN:19,redeemStake
FNF:1
FNH:1
FNDA:1,redeemStake
DA:20,1
DA:21,3
DA:23,1
DA:24,1
DA:26,1
LF:5
LH:5
BRF:0
BRH:0
end_of_record
TN:
SF:/home/achapman/augur/packages/augur-core/src/contracts/utility/RepSymbol.sol
FN:19,getRepSymbol
FNF:1
FNH:1
FNDA:4,getRepSymbol
DA:20,4
DA:21,4
DA:22,4
DA:24,4
DA:25,3
DA:26,3
DA:27,3
DA:28,3
DA:29,3
DA:30,0
DA:32,3
DA:33,3
DA:34,3
DA:35,1
DA:36,1
DA:38,0
DA:41,1
DA:42,1
DA:43,1
DA:44,1
DA:45,0
DA:47,1
DA:48,1
DA:51,1
DA:54,3
DA:56,1
LF:26
LH:23
BRDA:24,1,0,3
BRDA:24,1,1,1
BRDA:29,2,0,0
BRDA:29,2,1,3
BRDA:34,3,0,1
BRDA:34,3,1,2
BRDA:35,4,0,1
BRDA:35,4,1,0
BRDA:37,5,0,0
BRDA:37,5,1,0
BRDA:40,6,0,1
BRDA:40,6,1,1
BRDA:44,7,0,0
BRDA:44,7,1,1
BRF:14
BRH:9
end_of_record
TN:
SF:/home/achapman/augur/packages/augur-core/src/contracts/WarpSync.sol
FN:39,initialize
FN:53,doInitialReport
FN:64,initializeUniverse
FN:71,notifyMarketFinalized
FN:94,recordMarketFinalized
FN:107,getFinalizationReward
FN:115,getCreationReward
FN:119,getRepReward
FN:129,awardRep
FN:137,createMarket
FNF:10
FNH:10
FNDA:1,initialize
FNDA:1,doInitialReport
FNDA:7,initializeUniverse
FNDA:102,notifyMarketFinalized
FNDA:3,recordMarketFinalized
FNDA:8,getFinalizationReward
FNDA:8,getCreationReward
FNDA:16,getRepReward
FNDA:10,awardRep
FNDA:10,createMarket
DA:40,1
DA:41,1
DA:42,1
DA:43,1
DA:54,1
DA:55,1
DA:56,1
DA:57,1
DA:65,7
DA:66,7
DA:67,7
DA:68,7
DA:72,102
DA:73,102
DA:76,102
DA:77,99
DA:81,3
DA:82,3
DA:83,3
DA:84,3
DA:87,3
DA:89,3
DA:90,3
DA:95,3
DA:96,3
DA:97,3
DA:98,3
DA:99,3
DA:100,3
DA:108,8
DA:116,8
DA:120,16
DA:121,16
DA:122,16
DA:123,1
DA:126,16
DA:130,10
DA:133,10
DA:134,10
DA:138,10
DA:139,10
DA:140,10
DA:141,10
DA:142,10
DA:143,10
LF:45
LH:45
BRDA:65,1,0,7
BRDA:65,1,1,0
BRDA:66,2,0,7
BRDA:66,2,1,0
BRDA:76,3,0,99
BRDA:76,3,1,3
BRDA:82,4,0,3
BRDA:82,4,1,0
BRDA:89,5,0,3
BRDA:89,5,1,0
BRDA:122,6,0,1
BRDA:122,6,1,15
BRF:12
BRH:8
end_of_record
